Using pre-set license

 COMMAND LINE ARGUMENTS:
/Applications/Unity/Hub/Editor/2020.2.4f1/Unity.app/Contents/MacOS/Unity
-adb2
-batchMode
-noUpm
-name
AssetImportWorker5
-projectPath
/Users/williammcbride/Desktop/QUSpring2021/GDD411/InnerCityBrawler/Inner-City-Brawlers-GitPage/Inner City Brawlers
-logFile
Logs/AssetImportWorker5.log
-srvPort
54544
Successfully changed project path to: /Users/williammcbride/Desktop/QUSpring2021/GDD411/InnerCityBrawler/Inner-City-Brawlers-GitPage/Inner City Brawlers
/Users/williammcbride/Desktop/QUSpring2021/GDD411/InnerCityBrawler/Inner-City-Brawlers-GitPage/Inner City Brawlers
Using Asset Import Pipeline V2.
Refreshing native plugins compatible for Editor in 96.80 ms, found 2 plugins.
Preloading 0 native plugins for Editor in 0.00 ms.
Initialize engine version: 2020.2.4f1 (becced5a802b)
[Subsystems] Discovering subsystems at path /Applications/Unity/Hub/Editor/2020.2.4f1/Unity.app/Contents/Resources/UnitySubsystems
[Subsystems] Discovering subsystems at path /Users/williammcbride/Desktop/QUSpring2021/GDD411/InnerCityBrawler/Inner-City-Brawlers-GitPage/Inner City Brawlers/Assets
GfxDevice: creating device client; threaded=0
2021-02-26 18:30:23.017 Unity[31057:865367] iMac preferred device: AMD Radeon Pro 570 (high power)
2021-02-26 18:30:23.017 Unity[31057:865367] Metal devices available: 1
2021-02-26 18:30:23.017 Unity[31057:865367] 0: AMD Radeon Pro 570 (high power)
2021-02-26 18:30:23.018 Unity[31057:865367] Using device AMD Radeon Pro 570 (high power)
Initializing Metal device caps: AMD Radeon Pro 570
Shader 'Universal Render Pipeline/Particles/Lit': fallback shader 'Universal Render Pipeline/Particles/SimpleLit' not found
Initialize mono
Mono path[0] = '/Applications/Unity/Hub/Editor/2020.2.4f1/Unity.app/Contents/Managed'
Mono path[1] = '/Applications/Unity/Hub/Editor/2020.2.4f1/Unity.app/Contents/MonoBleedingEdge/lib/mono/unityjit'
Mono config path = '/Applications/Unity/Hub/Editor/2020.2.4f1/Unity.app/Contents/MonoBleedingEdge/etc'
Using monoOptions --debugger-agent=transport=dt_socket,embedding=1,server=y,suspend=n,address=127.0.0.1:56057
Begin MonoManager ReloadAssembly
Registering precompiled unity dll's ...
Register platform support module: /Applications/Unity/Hub/Editor/2020.2.4f1/PlaybackEngines/WebGLSupport/UnityEditor.WebGL.Extensions.dll
Register platform support module: /Applications/Unity/Hub/Editor/2020.2.4f1/Unity.app/Contents/PlaybackEngines/MacStandaloneSupport/UnityEditor.OSXStandalone.Extensions.dll
Register platform support module: /Applications/Unity/Hub/Editor/2020.2.4f1/PlaybackEngines/WindowsStandaloneSupport/UnityEditor.WindowsStandalone.Extensions.dll
Register platform support module: /Applications/Unity/Hub/Editor/2020.2.4f1/PlaybackEngines/LuminSupport/UnityEditor.Lumin.Extensions.dll
Registered in 0.000892 seconds.
Native extension for Lumin target not found
Native extension for WindowsStandalone target not found
Native extension for OSXStandalone target not found
Native extension for WebGL target not found
Refreshing native plugins compatible for Editor in 62.03 ms, found 2 plugins.
Preloading 0 native plugins for Editor in 0.00 ms.
Invoked RoslynAnalysisRunner static constructor.
RoslynAnalysisRunner will not be running.
RoslynAnalysisRunner has terminated.
Mono: successfully reloaded assembly
- Completed reload, in  2.359 seconds
Platform modules already initialized, skipping
Registering precompiled user dll's ...
Registered in 0.212077 seconds.
