Using pre-set license

 COMMAND LINE ARGUMENTS:
/Applications/Unity/Hub/Editor/2020.2.4f1/Unity.app/Contents/MacOS/Unity
-adb2
-batchMode
-noUpm
-name
AssetImportWorker8
-projectPath
/Users/williammcbride/Desktop/QUSpring2021/GDD411/InnerCityBrawler/Inner-City-Brawlers-GitPage/Inner City Brawlers
-logFile
Logs/AssetImportWorker8.log
-srvPort
54874
Successfully changed project path to: /Users/williammcbride/Desktop/QUSpring2021/GDD411/InnerCityBrawler/Inner-City-Brawlers-GitPage/Inner City Brawlers
/Users/williammcbride/Desktop/QUSpring2021/GDD411/InnerCityBrawler/Inner-City-Brawlers-GitPage/Inner City Brawlers
Using Asset Import Pipeline V2.
Refreshing native plugins compatible for Editor in 73.18 ms, found 2 plugins.
Preloading 0 native plugins for Editor in 0.00 ms.
Initialize engine version: 2020.2.4f1 (becced5a802b)
[Subsystems] Discovering subsystems at path /Applications/Unity/Hub/Editor/2020.2.4f1/Unity.app/Contents/Resources/UnitySubsystems
[Subsystems] Discovering subsystems at path /Users/williammcbride/Desktop/QUSpring2021/GDD411/InnerCityBrawler/Inner-City-Brawlers-GitPage/Inner City Brawlers/Assets
GfxDevice: creating device client; threaded=0
2021-03-01 16:54:04.826 Unity[10388:180126] iMac preferred device: AMD Radeon Pro 570 (high power)
2021-03-01 16:54:04.826 Unity[10388:180126] Metal devices available: 1
2021-03-01 16:54:04.826 Unity[10388:180126] 0: AMD Radeon Pro 570 (high power)
2021-03-01 16:54:04.827 Unity[10388:180126] Using device AMD Radeon Pro 570 (high power)
Initializing Metal device caps: AMD Radeon Pro 570
Shader 'Universal Render Pipeline/Particles/Lit': fallback shader 'Universal Render Pipeline/Particles/SimpleLit' not found
Initialize mono
Mono path[0] = '/Applications/Unity/Hub/Editor/2020.2.4f1/Unity.app/Contents/Managed'
Mono path[1] = '/Applications/Unity/Hub/Editor/2020.2.4f1/Unity.app/Contents/MonoBleedingEdge/lib/mono/unityjit'
Mono config path = '/Applications/Unity/Hub/Editor/2020.2.4f1/Unity.app/Contents/MonoBleedingEdge/etc'
Using monoOptions --debugger-agent=transport=dt_socket,embedding=1,server=y,suspend=n,address=127.0.0.1:56388
Begin MonoManager ReloadAssembly
Registering precompiled unity dll's ...
Register platform support module: /Applications/Unity/Hub/Editor/2020.2.4f1/PlaybackEngines/WebGLSupport/UnityEditor.WebGL.Extensions.dll
Register platform support module: /Applications/Unity/Hub/Editor/2020.2.4f1/Unity.app/Contents/PlaybackEngines/MacStandaloneSupport/UnityEditor.OSXStandalone.Extensions.dll
Register platform support module: /Applications/Unity/Hub/Editor/2020.2.4f1/PlaybackEngines/WindowsStandaloneSupport/UnityEditor.WindowsStandalone.Extensions.dll
Register platform support module: /Applications/Unity/Hub/Editor/2020.2.4f1/PlaybackEngines/LuminSupport/UnityEditor.Lumin.Extensions.dll
Registered in 0.001005 seconds.
Native extension for Lumin target not found
Native extension for WindowsStandalone target not found
Native extension for OSXStandalone target not found
Native extension for WebGL target not found
Refreshing native plugins compatible for Editor in 74.79 ms, found 2 plugins.
Preloading 0 native plugins for Editor in 0.00 ms.
Invoked RoslynAnalysisRunner static constructor.
RoslynAnalysisRunner will not be running.
RoslynAnalysisRunner has terminated.
Mono: successfully reloaded assembly
- Completed reload, in  2.355 seconds
Platform modules already initialized, skipping
Registering precompiled user dll's ...
Registered in 0.030395 seconds.
Begin MonoManager ReloadAssembly
Native extension for Lumin target not found
Native extension for WindowsStandalone target not found
Native extension for OSXStandalone target not found
Native extension for WebGL target not found
Refreshing native plugins compatible for Editor in 73.51 ms, found 2 plugins.
Preloading 0 native plugins for Editor in 0.00 ms.
Invoked RoslynAnalysisRunner static constructor.
RoslynAnalysisRunner will not be running.
RoslynAnalysisRunner has terminated.
Mono: successfully reloaded assembly
- Completed reload, in  1.648 seconds
Platform modules already initialized, skipping
========================================================================
Worker process is ready to serve import requests
Shader 'Universal Render Pipeline/Particles/Lit': fallback shader 'Universal Render Pipeline/Particles/SimpleLit' not found
Launching external process: /Applications/Unity/Hub/Editor/2020.2.4f1/Unity.app/Contents/Tools/UnityShaderCompiler
Launched and connected shader compiler UnityShaderCompiler after 0.06 seconds
Refreshing native plugins compatible for Editor in 0.74 ms, found 2 plugins.
Preloading 0 native plugins for Editor in 0.00 ms.
Unloading 3031 Unused Serialized files (Serialized files now loaded: 0)
System memory in use before: 210.0 MB.
System memory in use after: 210.1 MB.

Unloading 35 unused Assets to reduce memory usage. Loaded Objects now: 3524.
Total: 2.888749 ms (FindLiveObjects: 0.450943 ms CreateObjectMapping: 0.153825 ms MarkObjects: 2.153588 ms  DeleteObjects: 0.129390 ms)

========================================================================
Received Import Request.
  path: Assets/ItemPrefabs/FoodItems/FoodPrefabs/CandyBar.prefab
  artifactKey: Guid(e71291878bf294bfeb4bc02261ac2a48) Importer(815301076,1909f56bfc062723c751e8b465ee728b)
Start importing Assets/ItemPrefabs/FoodItems/FoodPrefabs/CandyBar.prefab using Guid(e71291878bf294bfeb4bc02261ac2a48) Importer(815301076,1909f56bfc062723c751e8b465ee728b)  -> (artifact id: '2b68af6c414efc25f9e19d4480097ca5') in 1.278743 seconds
  Import took 1.285146 seconds .

========================================================================
Received Prepare
Registering precompiled user dll's ...
Registered in 0.186693 seconds.
Begin MonoManager ReloadAssembly
Native extension for Lumin target not found
Native extension for WindowsStandalone target not found
Native extension for OSXStandalone target not found
Native extension for WebGL target not found
Refreshing native plugins compatible for Editor in 0.81 ms, found 2 plugins.
Preloading 0 native plugins for Editor in 0.00 ms.
Invoked RoslynAnalysisRunner static constructor.
RoslynAnalysisRunner will not be running.
RoslynAnalysisRunner has terminated.
Mono: successfully reloaded assembly
- Completed reload, in  1.586 seconds
Platform modules already initialized, skipping
Shader 'Universal Render Pipeline/Particles/Lit': fallback shader 'Universal Render Pipeline/Particles/SimpleLit' not found
Refreshing native plugins compatible for Editor in 0.62 ms, found 2 plugins.
Preloading 0 native plugins for Editor in 0.00 ms.
Unloading 2970 Unused Serialized files (Serialized files now loaded: 0)
System memory in use before: 213.5 MB.
System memory in use after: 213.6 MB.

Unloading 23 unused Assets to reduce memory usage. Loaded Objects now: 3534.
Total: 2.667084 ms (FindLiveObjects: 0.313233 ms CreateObjectMapping: 0.142725 ms MarkObjects: 2.083179 ms  DeleteObjects: 0.126942 ms)

========================================================================
Received Prepare
Registering precompiled user dll's ...
Registered in 0.356937 seconds.
Begin MonoManager ReloadAssembly
Native extension for Lumin target not found
Native extension for WindowsStandalone target not found
Native extension for OSXStandalone target not found
Native extension for WebGL target not found
Refreshing native plugins compatible for Editor in 0.70 ms, found 2 plugins.
Preloading 0 native plugins for Editor in 0.00 ms.
Invoked RoslynAnalysisRunner static constructor.
RoslynAnalysisRunner will not be running.
RoslynAnalysisRunner has terminated.
Mono: successfully reloaded assembly
- Completed reload, in  1.436 seconds
Platform modules already initialized, skipping
Shader 'Universal Render Pipeline/Particles/Lit': fallback shader 'Universal Render Pipeline/Particles/SimpleLit' not found
Refreshing native plugins compatible for Editor in 0.64 ms, found 2 plugins.
Preloading 0 native plugins for Editor in 0.00 ms.
Unloading 2970 Unused Serialized files (Serialized files now loaded: 0)
System memory in use before: 213.7 MB.
System memory in use after: 213.8 MB.

Unloading 23 unused Assets to reduce memory usage. Loaded Objects now: 3537.
Total: 2.510582 ms (FindLiveObjects: 0.382008 ms CreateObjectMapping: 0.145196 ms MarkObjects: 1.886098 ms  DeleteObjects: 0.096336 ms)

========================================================================
Received Import Request.
  Time since last request: 693.468779 seconds.
  path: Assets/Scripts/GeneralGameScripts/itemDestruction.cs
  artifactKey: Guid(2956d3449f06545159c2291e714bd029) Importer(815301076,1909f56bfc062723c751e8b465ee728b)
Start importing Assets/Scripts/GeneralGameScripts/itemDestruction.cs using Guid(2956d3449f06545159c2291e714bd029) Importer(815301076,1909f56bfc062723c751e8b465ee728b)  -> (artifact id: 'c6e3284c0a44763e942f93c09e5a5a6f') in 2.979634 seconds
  Import took 2.988960 seconds .

========================================================================
Received Prepare
Registering precompiled user dll's ...
Registered in 0.229414 seconds.
Begin MonoManager ReloadAssembly
Native extension for Lumin target not found
Native extension for WindowsStandalone target not found
Native extension for OSXStandalone target not found
Native extension for WebGL target not found
Refreshing native plugins compatible for Editor in 0.79 ms, found 2 plugins.
Preloading 0 native plugins for Editor in 0.00 ms.
Invoked RoslynAnalysisRunner static constructor.
RoslynAnalysisRunner will not be running.
RoslynAnalysisRunner has terminated.
Mono: successfully reloaded assembly
- Completed reload, in  1.555 seconds
Platform modules already initialized, skipping
Shader 'Universal Render Pipeline/Particles/Lit': fallback shader 'Universal Render Pipeline/Particles/SimpleLit' not found
Refreshing native plugins compatible for Editor in 0.80 ms, found 2 plugins.
Preloading 0 native plugins for Editor in 0.00 ms.
Unloading 2971 Unused Serialized files (Serialized files now loaded: 0)
System memory in use before: 218.2 MB.
System memory in use after: 218.3 MB.

Unloading 23 unused Assets to reduce memory usage. Loaded Objects now: 3541.
Total: 3.209657 ms (FindLiveObjects: 0.488905 ms CreateObjectMapping: 0.160647 ms MarkObjects: 2.397132 ms  DeleteObjects: 0.161862 ms)

========================================================================
Received Prepare
Registering precompiled user dll's ...
Registered in 0.216160 seconds.
Begin MonoManager ReloadAssembly
Native extension for Lumin target not found
Native extension for WindowsStandalone target not found
Native extension for OSXStandalone target not found
Native extension for WebGL target not found
Refreshing native plugins compatible for Editor in 0.70 ms, found 2 plugins.
Preloading 0 native plugins for Editor in 0.00 ms.
Invoked RoslynAnalysisRunner static constructor.
RoslynAnalysisRunner will not be running.
RoslynAnalysisRunner has terminated.
Mono: successfully reloaded assembly
- Completed reload, in  1.496 seconds
Platform modules already initialized, skipping
Shader 'Universal Render Pipeline/Particles/Lit': fallback shader 'Universal Render Pipeline/Particles/SimpleLit' not found
Refreshing native plugins compatible for Editor in 0.62 ms, found 2 plugins.
Preloading 0 native plugins for Editor in 0.00 ms.
Unloading 2971 Unused Serialized files (Serialized files now loaded: 0)
System memory in use before: 218.4 MB.
System memory in use after: 218.5 MB.

Unloading 23 unused Assets to reduce memory usage. Loaded Objects now: 3544.
Total: 2.504036 ms (FindLiveObjects: 0.339086 ms CreateObjectMapping: 0.145193 ms MarkObjects: 1.922176 ms  DeleteObjects: 0.096596 ms)

========================================================================
Received Prepare
Registering precompiled user dll's ...
Registered in 0.121376 seconds.
Begin MonoManager ReloadAssembly
Native extension for Lumin target not found
Native extension for WindowsStandalone target not found
Native extension for OSXStandalone target not found
Native extension for WebGL target not found
Refreshing native plugins compatible for Editor in 0.63 ms, found 2 plugins.
Preloading 0 native plugins for Editor in 0.00 ms.
Invoked RoslynAnalysisRunner static constructor.
RoslynAnalysisRunner will not be running.
RoslynAnalysisRunner has terminated.
Mono: successfully reloaded assembly
- Completed reload, in  1.495 seconds
Platform modules already initialized, skipping
Shader 'Universal Render Pipeline/Particles/Lit': fallback shader 'Universal Render Pipeline/Particles/SimpleLit' not found
Refreshing native plugins compatible for Editor in 0.64 ms, found 2 plugins.
Preloading 0 native plugins for Editor in 0.00 ms.
Unloading 2971 Unused Serialized files (Serialized files now loaded: 0)
System memory in use before: 218.6 MB.
System memory in use after: 218.8 MB.

Unloading 23 unused Assets to reduce memory usage. Loaded Objects now: 3547.
Total: 2.746716 ms (FindLiveObjects: 0.355278 ms CreateObjectMapping: 0.139676 ms MarkObjects: 2.152613 ms  DeleteObjects: 0.098196 ms)

========================================================================
Received Import Request.
  Time since last request: 239.704869 seconds.
  path: Assets/ItemPrefabs/FoodItems/FoodScriptObjects/CandyBar.asset
  artifactKey: Guid(9e989f91ef0d342f69a4ac668a940441) Importer(815301076,1909f56bfc062723c751e8b465ee728b)
Start importing Assets/ItemPrefabs/FoodItems/FoodScriptObjects/CandyBar.asset using Guid(9e989f91ef0d342f69a4ac668a940441) Importer(815301076,1909f56bfc062723c751e8b465ee728b)  -> (artifact id: '3f31337e570f669dfb5c5d26faf6d30d') in 0.227623 seconds
  Import took 0.235620 seconds .

========================================================================
Received Prepare
Registering precompiled user dll's ...
Registered in 0.237997 seconds.
Begin MonoManager ReloadAssembly
Native extension for Lumin target not found
Native extension for WindowsStandalone target not found
Native extension for OSXStandalone target not found
Native extension for WebGL target not found
Refreshing native plugins compatible for Editor in 0.95 ms, found 2 plugins.
Preloading 0 native plugins for Editor in 0.00 ms.
Invoked RoslynAnalysisRunner static constructor.
RoslynAnalysisRunner will not be running.
RoslynAnalysisRunner has terminated.
Mono: successfully reloaded assembly
- Completed reload, in  1.303 seconds
Platform modules already initialized, skipping
Shader 'Universal Render Pipeline/Particles/Lit': fallback shader 'Universal Render Pipeline/Particles/SimpleLit' not found
Refreshing native plugins compatible for Editor in 0.74 ms, found 2 plugins.
Preloading 0 native plugins for Editor in 0.00 ms.
Unloading 2971 Unused Serialized files (Serialized files now loaded: 0)
System memory in use before: 223.0 MB.
System memory in use after: 223.1 MB.

Unloading 23 unused Assets to reduce memory usage. Loaded Objects now: 3550.
Total: 2.670528 ms (FindLiveObjects: 0.303536 ms CreateObjectMapping: 0.214087 ms MarkObjects: 2.051188 ms  DeleteObjects: 0.100471 ms)

========================================================================
Received Import Request.
  Time since last request: 271.700893 seconds.
  path: Assets/Scripts/GeneralGameScripts/ItemFunctions
  artifactKey: Guid(5951040b14f3e474e928b59b3e7c02a1) Importer(815301076,1909f56bfc062723c751e8b465ee728b)
Start importing Assets/Scripts/GeneralGameScripts/ItemFunctions using Guid(5951040b14f3e474e928b59b3e7c02a1) Importer(815301076,1909f56bfc062723c751e8b465ee728b)  -> (artifact id: 'bd4f04f964e8dc10983d4582f4ede462') in 0.005988 seconds
  Import took 0.011264 seconds .

========================================================================
Received Prepare
Registering precompiled user dll's ...
Registered in 0.206365 seconds.
Begin MonoManager ReloadAssembly
Native extension for Lumin target not found
Native extension for WindowsStandalone target not found
Native extension for OSXStandalone target not found
Native extension for WebGL target not found
Refreshing native plugins compatible for Editor in 0.88 ms, found 2 plugins.
Preloading 0 native plugins for Editor in 0.00 ms.
Invoked RoslynAnalysisRunner static constructor.
RoslynAnalysisRunner will not be running.
RoslynAnalysisRunner has terminated.
Mono: successfully reloaded assembly
- Completed reload, in  1.216 seconds
Platform modules already initialized, skipping
Shader 'Universal Render Pipeline/Particles/Lit': fallback shader 'Universal Render Pipeline/Particles/SimpleLit' not found
Refreshing native plugins compatible for Editor in 0.62 ms, found 2 plugins.
Preloading 0 native plugins for Editor in 0.00 ms.
Unloading 2971 Unused Serialized files (Serialized files now loaded: 0)
System memory in use before: 223.2 MB.
System memory in use after: 223.3 MB.

Unloading 23 unused Assets to reduce memory usage. Loaded Objects now: 3553.
Total: 2.501075 ms (FindLiveObjects: 0.371742 ms CreateObjectMapping: 0.132524 ms MarkObjects: 1.898512 ms  DeleteObjects: 0.097336 ms)

========================================================================
Received Import Request.
  Time since last request: 30.463755 seconds.
  path: Assets/Scripts/GeneralGameScripts/ItemFunctions/FoodFunction.cs
  artifactKey: Guid(ace4831ee412542b48f5bebf1c481479) Importer(815301076,1909f56bfc062723c751e8b465ee728b)
Start importing Assets/Scripts/GeneralGameScripts/ItemFunctions/FoodFunction.cs using Guid(ace4831ee412542b48f5bebf1c481479) Importer(815301076,1909f56bfc062723c751e8b465ee728b)  -> (artifact id: '5b98da6e9c7e077b3d4dab8f4a5fe728') in 0.011706 seconds
  Import took 0.017604 seconds .

========================================================================
Received Prepare
Registering precompiled user dll's ...
Registered in 0.147627 seconds.
Begin MonoManager ReloadAssembly
Native extension for Lumin target not found
Native extension for WindowsStandalone target not found
Native extension for OSXStandalone target not found
Native extension for WebGL target not found
Refreshing native plugins compatible for Editor in 1.02 ms, found 2 plugins.
Preloading 0 native plugins for Editor in 0.00 ms.
Invoked RoslynAnalysisRunner static constructor.
RoslynAnalysisRunner will not be running.
RoslynAnalysisRunner has terminated.
Mono: successfully reloaded assembly
- Completed reload, in  1.274 seconds
Platform modules already initialized, skipping
Shader 'Universal Render Pipeline/Particles/Lit': fallback shader 'Universal Render Pipeline/Particles/SimpleLit' not found
Refreshing native plugins compatible for Editor in 0.70 ms, found 2 plugins.
Preloading 0 native plugins for Editor in 0.00 ms.
Unloading 2972 Unused Serialized files (Serialized files now loaded: 0)
System memory in use before: 223.5 MB.
System memory in use after: 223.6 MB.

Unloading 23 unused Assets to reduce memory usage. Loaded Objects now: 3557.
Total: 3.844944 ms (FindLiveObjects: 0.338258 ms CreateObjectMapping: 0.181503 ms MarkObjects: 3.166007 ms  DeleteObjects: 0.156845 ms)

========================================================================
Received Import Request.
  Time since last request: 25.194783 seconds.
  path: Assets/Scripts/GeneralGameScripts/ItemFunctions/BWFunction.cs
  artifactKey: Guid(3cc01e06801f04456b1562d9de4eae98) Importer(815301076,1909f56bfc062723c751e8b465ee728b)
Start importing Assets/Scripts/GeneralGameScripts/ItemFunctions/BWFunction.cs using Guid(3cc01e06801f04456b1562d9de4eae98) Importer(815301076,1909f56bfc062723c751e8b465ee728b)  -> (artifact id: '3af43f74c268dd4f80c9adcd3b775fc2') in 0.007940 seconds
  Import took 0.013723 seconds .

========================================================================
Received Prepare
Registering precompiled user dll's ...
Registered in 0.054694 seconds.
Begin MonoManager ReloadAssembly
Native extension for Lumin target not found
Native extension for WindowsStandalone target not found
Native extension for OSXStandalone target not found
Native extension for WebGL target not found
Refreshing native plugins compatible for Editor in 3.01 ms, found 2 plugins.
Preloading 0 native plugins for Editor in 0.00 ms.
Invoked RoslynAnalysisRunner static constructor.
RoslynAnalysisRunner will not be running.
RoslynAnalysisRunner has terminated.
Mono: successfully reloaded assembly
- Completed reload, in  1.356 seconds
Platform modules already initialized, skipping
Script is not up to date after domain reload: guid(87150754b9de64882971d89378876d96) path("Assets/Scripts/GeneralGameScripts/ItemFunctions/PWFunction.cs") state(2)
Shader 'Universal Render Pipeline/Particles/Lit': fallback shader 'Universal Render Pipeline/Particles/SimpleLit' not found
Refreshing native plugins compatible for Editor in 0.76 ms, found 2 plugins.
Preloading 0 native plugins for Editor in 0.00 ms.
Unloading 2973 Unused Serialized files (Serialized files now loaded: 0)
System memory in use before: 223.7 MB.
System memory in use after: 223.8 MB.

Unloading 23 unused Assets to reduce memory usage. Loaded Objects now: 3561.
Total: 3.838876 ms (FindLiveObjects: 0.478850 ms CreateObjectMapping: 0.376928 ms MarkObjects: 2.847391 ms  DeleteObjects: 0.134094 ms)

========================================================================
Received Prepare
Registering precompiled user dll's ...
Registered in 0.130090 seconds.
Begin MonoManager ReloadAssembly
Native extension for Lumin target not found
Native extension for WindowsStandalone target not found
Native extension for OSXStandalone target not found
Native extension for WebGL target not found
Refreshing native plugins compatible for Editor in 0.64 ms, found 2 plugins.
Preloading 0 native plugins for Editor in 0.00 ms.
Invoked RoslynAnalysisRunner static constructor.
RoslynAnalysisRunner will not be running.
RoslynAnalysisRunner has terminated.
Mono: successfully reloaded assembly
- Completed reload, in  1.420 seconds
Platform modules already initialized, skipping
Shader 'Universal Render Pipeline/Particles/Lit': fallback shader 'Universal Render Pipeline/Particles/SimpleLit' not found
Refreshing native plugins compatible for Editor in 0.81 ms, found 2 plugins.
Preloading 0 native plugins for Editor in 0.00 ms.
Unloading 2974 Unused Serialized files (Serialized files now loaded: 0)
System memory in use before: 223.9 MB.
System memory in use after: 224.0 MB.

Unloading 23 unused Assets to reduce memory usage. Loaded Objects now: 3565.
Total: 3.448944 ms (FindLiveObjects: 0.439708 ms CreateObjectMapping: 0.432379 ms MarkObjects: 2.467078 ms  DeleteObjects: 0.108429 ms)

========================================================================
Received Import Request.
  Time since last request: 36.416227 seconds.
  path: Assets/Scripts/GeneralGameScripts/ItemFunctions/PWFunction.cs
  artifactKey: Guid(87150754b9de64882971d89378876d96) Importer(815301076,1909f56bfc062723c751e8b465ee728b)
Start importing Assets/Scripts/GeneralGameScripts/ItemFunctions/PWFunction.cs using Guid(87150754b9de64882971d89378876d96) Importer(815301076,1909f56bfc062723c751e8b465ee728b)  -> (artifact id: '844bccf7a5ef8ed54a1868207e44f8a3') in 0.008707 seconds
  Import took 0.015494 seconds .

========================================================================
Received Import Request.
  Time since last request: 4.426741 seconds.
  path: Assets/ItemPrefabs/BluntWeapons/B_WeaponPrefabs/BaseballBat.prefab
  artifactKey: Guid(414f03961f2a24f8ebf5752384a77308) Importer(815301076,1909f56bfc062723c751e8b465ee728b)
Start importing Assets/ItemPrefabs/BluntWeapons/B_WeaponPrefabs/BaseballBat.prefab using Guid(414f03961f2a24f8ebf5752384a77308) Importer(815301076,1909f56bfc062723c751e8b465ee728b)  -> (artifact id: '7ab1525c69a1403b69b90aac82c0001c') in 0.107611 seconds
  Import took 0.113535 seconds .

========================================================================
Received Import Request.
  Time since last request: 60.956436 seconds.
  path: Assets/Scripts/GeneralGameScripts/ItemFunctions/itemDestruction.cs
  artifactKey: Guid(2956d3449f06545159c2291e714bd029) Importer(815301076,1909f56bfc062723c751e8b465ee728b)
Start importing Assets/Scripts/GeneralGameScripts/ItemFunctions/itemDestruction.cs using Guid(2956d3449f06545159c2291e714bd029) Importer(815301076,1909f56bfc062723c751e8b465ee728b)  -> (artifact id: 'ef0964ef2720f0e8bb6874824671fca6') in 0.002453 seconds
  Import took 0.007658 seconds .

========================================================================
Received Prepare
Registering precompiled user dll's ...
Registered in 0.052786 seconds.
Begin MonoManager ReloadAssembly
Native extension for Lumin target not found
Native extension for WindowsStandalone target not found
Native extension for OSXStandalone target not found
Native extension for WebGL target not found
Refreshing native plugins compatible for Editor in 0.64 ms, found 2 plugins.
Preloading 0 native plugins for Editor in 0.00 ms.
Invoked RoslynAnalysisRunner static constructor.
RoslynAnalysisRunner will not be running.
RoslynAnalysisRunner has terminated.
Mono: successfully reloaded assembly
- Completed reload, in  1.400 seconds
Platform modules already initialized, skipping
Shader 'Universal Render Pipeline/Particles/Lit': fallback shader 'Universal Render Pipeline/Particles/SimpleLit' not found
Refreshing native plugins compatible for Editor in 0.62 ms, found 2 plugins.
Preloading 0 native plugins for Editor in 0.00 ms.
Unloading 2973 Unused Serialized files (Serialized files now loaded: 0)
System memory in use before: 224.2 MB.
System memory in use after: 224.3 MB.

Unloading 24 unused Assets to reduce memory usage. Loaded Objects now: 3568.
Total: 2.405025 ms (FindLiveObjects: 0.343613 ms CreateObjectMapping: 0.153333 ms MarkObjects: 1.787574 ms  DeleteObjects: 0.119499 ms)

========================================================================
Received Prepare
Registering precompiled user dll's ...
Registered in 0.165815 seconds.
Begin MonoManager ReloadAssembly
Native extension for Lumin target not found
Native extension for WindowsStandalone target not found
Native extension for OSXStandalone target not found
Native extension for WebGL target not found
Refreshing native plugins compatible for Editor in 0.66 ms, found 2 plugins.
Preloading 0 native plugins for Editor in 0.00 ms.
Invoked RoslynAnalysisRunner static constructor.
RoslynAnalysisRunner will not be running.
RoslynAnalysisRunner has terminated.
Mono: successfully reloaded assembly
- Completed reload, in  1.284 seconds
Platform modules already initialized, skipping
Shader 'Universal Render Pipeline/Particles/Lit': fallback shader 'Universal Render Pipeline/Particles/SimpleLit' not found
Refreshing native plugins compatible for Editor in 0.80 ms, found 2 plugins.
Preloading 0 native plugins for Editor in 0.00 ms.
Unloading 2973 Unused Serialized files (Serialized files now loaded: 0)
System memory in use before: 224.4 MB.
System memory in use after: 224.5 MB.

Unloading 23 unused Assets to reduce memory usage. Loaded Objects now: 3571.
Total: 2.783262 ms (FindLiveObjects: 0.485130 ms CreateObjectMapping: 0.173258 ms MarkObjects: 2.010334 ms  DeleteObjects: 0.113350 ms)

========================================================================
Received Import Request.
  Time since last request: 192.676556 seconds.
  path: Assets/Scripts/CharacterScripts/GeneralScripts/PlayerHealth.cs
  artifactKey: Guid(f3e7aff4d3926f64a8a432efde9c3e0c) Importer(815301076,1909f56bfc062723c751e8b465ee728b)
Start importing Assets/Scripts/CharacterScripts/GeneralScripts/PlayerHealth.cs using Guid(f3e7aff4d3926f64a8a432efde9c3e0c) Importer(815301076,1909f56bfc062723c751e8b465ee728b)  -> (artifact id: 'ad2a0ae64166dcf08cd1beee203feb60') in 0.009284 seconds
  Import took 0.014126 seconds .

========================================================================
Received Prepare
Registering precompiled user dll's ...
Registered in 0.140619 seconds.
Begin MonoManager ReloadAssembly
Native extension for Lumin target not found
Native extension for WindowsStandalone target not found
Native extension for OSXStandalone target not found
Native extension for WebGL target not found
Refreshing native plugins compatible for Editor in 0.63 ms, found 2 plugins.
Preloading 0 native plugins for Editor in 0.00 ms.
Invoked RoslynAnalysisRunner static constructor.
RoslynAnalysisRunner will not be running.
RoslynAnalysisRunner has terminated.
Mono: successfully reloaded assembly
- Completed reload, in  1.628 seconds
Platform modules already initialized, skipping
Shader 'Universal Render Pipeline/Particles/Lit': fallback shader 'Universal Render Pipeline/Particles/SimpleLit' not found
Refreshing native plugins compatible for Editor in 0.63 ms, found 2 plugins.
Preloading 0 native plugins for Editor in 0.00 ms.
Unloading 2973 Unused Serialized files (Serialized files now loaded: 0)
System memory in use before: 224.6 MB.
System memory in use after: 224.7 MB.

Unloading 23 unused Assets to reduce memory usage. Loaded Objects now: 3574.
Total: 4.873048 ms (FindLiveObjects: 0.694040 ms CreateObjectMapping: 0.326592 ms MarkObjects: 3.704549 ms  DeleteObjects: 0.146741 ms)

========================================================================
Received Import Request.
  Time since last request: 119.657332 seconds.
  path: Assets/Scripts/GeneralGameScripts/ItemFunctions/PWFunction.cs
  artifactKey: Guid(87150754b9de64882971d89378876d96) Importer(815301076,1909f56bfc062723c751e8b465ee728b)
Start importing Assets/Scripts/GeneralGameScripts/ItemFunctions/PWFunction.cs using Guid(87150754b9de64882971d89378876d96) Importer(815301076,1909f56bfc062723c751e8b465ee728b)  -> (artifact id: '04e529911d56007c8936e5794a08474c') in 0.006082 seconds
  Import took 0.011144 seconds .

========================================================================
Received Prepare
Registering precompiled user dll's ...
Registered in 0.088174 seconds.
Begin MonoManager ReloadAssembly
Native extension for Lumin target not found
Native extension for WindowsStandalone target not found
Native extension for OSXStandalone target not found
Native extension for WebGL target not found
Refreshing native plugins compatible for Editor in 0.70 ms, found 2 plugins.
Preloading 0 native plugins for Editor in 0.00 ms.
Invoked RoslynAnalysisRunner static constructor.
RoslynAnalysisRunner will not be running.
RoslynAnalysisRunner has terminated.
Mono: successfully reloaded assembly
- Completed reload, in  1.455 seconds
Platform modules already initialized, skipping
Shader 'Universal Render Pipeline/Particles/Lit': fallback shader 'Universal Render Pipeline/Particles/SimpleLit' not found
Refreshing native plugins compatible for Editor in 0.62 ms, found 2 plugins.
Preloading 0 native plugins for Editor in 0.00 ms.
Unloading 2973 Unused Serialized files (Serialized files now loaded: 0)
System memory in use before: 224.8 MB.
System memory in use after: 224.9 MB.

Unloading 23 unused Assets to reduce memory usage. Loaded Objects now: 3577.
Total: 2.527676 ms (FindLiveObjects: 0.361648 ms CreateObjectMapping: 0.139478 ms MarkObjects: 1.926997 ms  DeleteObjects: 0.098579 ms)

========================================================================
Received Prepare
Registering precompiled user dll's ...
Registered in 0.188389 seconds.
Begin MonoManager ReloadAssembly
Native extension for Lumin target not found
Native extension for WindowsStandalone target not found
Native extension for OSXStandalone target not found
Native extension for WebGL target not found
Refreshing native plugins compatible for Editor in 0.64 ms, found 2 plugins.
Preloading 0 native plugins for Editor in 0.00 ms.
Invoked RoslynAnalysisRunner static constructor.
RoslynAnalysisRunner will not be running.
RoslynAnalysisRunner has terminated.
Mono: successfully reloaded assembly
- Completed reload, in  1.257 seconds
Platform modules already initialized, skipping
Shader 'Universal Render Pipeline/Particles/Lit': fallback shader 'Universal Render Pipeline/Particles/SimpleLit' not found
Refreshing native plugins compatible for Editor in 0.61 ms, found 2 plugins.
Preloading 0 native plugins for Editor in 0.00 ms.
Unloading 2973 Unused Serialized files (Serialized files now loaded: 0)
System memory in use before: 225.0 MB.
System memory in use after: 225.1 MB.

Unloading 23 unused Assets to reduce memory usage. Loaded Objects now: 3580.
Total: 3.286090 ms (FindLiveObjects: 0.334052 ms CreateObjectMapping: 0.134344 ms MarkObjects: 2.668484 ms  DeleteObjects: 0.147835 ms)

========================================================================
Received Import Request.
  Time since last request: 254.968747 seconds.
  path: Assets/Scripts/ScriptableObjects/Items/ItemSO_Scripts/itemObject.cs
  artifactKey: Guid(fa6cb3879e5054980b595c6e72f072cb) Importer(815301076,1909f56bfc062723c751e8b465ee728b)
Start importing Assets/Scripts/ScriptableObjects/Items/ItemSO_Scripts/itemObject.cs using Guid(fa6cb3879e5054980b595c6e72f072cb) Importer(815301076,1909f56bfc062723c751e8b465ee728b)  -> (artifact id: '41c9592045f09b5bf0d01b1edd107abd') in 0.008910 seconds
  Import took 0.015114 seconds .

========================================================================
Received Prepare
Registering precompiled user dll's ...
Registered in 0.194775 seconds.
Begin MonoManager ReloadAssembly
Native extension for Lumin target not found
Native extension for WindowsStandalone target not found
Native extension for OSXStandalone target not found
Native extension for WebGL target not found
Refreshing native plugins compatible for Editor in 0.77 ms, found 2 plugins.
Preloading 0 native plugins for Editor in 0.00 ms.
Invoked RoslynAnalysisRunner static constructor.
RoslynAnalysisRunner will not be running.
RoslynAnalysisRunner has terminated.
Mono: successfully reloaded assembly
- Completed reload, in  1.302 seconds
Platform modules already initialized, skipping
Shader 'Universal Render Pipeline/Particles/Lit': fallback shader 'Universal Render Pipeline/Particles/SimpleLit' not found
Refreshing native plugins compatible for Editor in 0.64 ms, found 2 plugins.
Preloading 0 native plugins for Editor in 0.00 ms.
Unloading 2973 Unused Serialized files (Serialized files now loaded: 0)
System memory in use before: 225.2 MB.
System memory in use after: 225.3 MB.

Unloading 23 unused Assets to reduce memory usage. Loaded Objects now: 3583.
Total: 2.408649 ms (FindLiveObjects: 0.295937 ms CreateObjectMapping: 0.152152 ms MarkObjects: 1.859826 ms  DeleteObjects: 0.099737 ms)

========================================================================
Received Prepare
Registering precompiled user dll's ...
Registered in 0.072264 seconds.
Begin MonoManager ReloadAssembly
Native extension for Lumin target not found
Native extension for WindowsStandalone target not found
Native extension for OSXStandalone target not found
Native extension for WebGL target not found
Refreshing native plugins compatible for Editor in 1.02 ms, found 2 plugins.
Preloading 0 native plugins for Editor in 0.00 ms.
Invoked RoslynAnalysisRunner static constructor.
RoslynAnalysisRunner will not be running.
RoslynAnalysisRunner has terminated.
Mono: successfully reloaded assembly
- Completed reload, in  1.494 seconds
Platform modules already initialized, skipping
Shader 'Universal Render Pipeline/Particles/Lit': fallback shader 'Universal Render Pipeline/Particles/SimpleLit' not found
Refreshing native plugins compatible for Editor in 0.93 ms, found 2 plugins.
Preloading 0 native plugins for Editor in 0.00 ms.
Unloading 2973 Unused Serialized files (Serialized files now loaded: 0)
System memory in use before: 225.4 MB.
System memory in use after: 225.5 MB.

Unloading 23 unused Assets to reduce memory usage. Loaded Objects now: 3586.
Total: 3.301820 ms (FindLiveObjects: 0.392054 ms CreateObjectMapping: 0.268384 ms MarkObjects: 2.504835 ms  DeleteObjects: 0.134890 ms)

========================================================================
Received Import Request.
  Time since last request: 143.204923 seconds.
  path: Assets/Scripts/ScriptableObjects/Items/ItemFunctions/P_WeaponFunction.cs
  artifactKey: Guid(0eeb57249a8d94e02ab8f5ef34693bb2) Importer(815301076,1909f56bfc062723c751e8b465ee728b)
Start importing Assets/Scripts/ScriptableObjects/Items/ItemFunctions/P_WeaponFunction.cs using Guid(0eeb57249a8d94e02ab8f5ef34693bb2) Importer(815301076,1909f56bfc062723c751e8b465ee728b)  -> (artifact id: '05dbb5fbe14283fda60f8cce355fc954') in 0.006778 seconds
  Import took 0.013739 seconds .

========================================================================
Received Import Request.
  Time since last request: 0.852379 seconds.
  path: Assets/Scripts/ScriptableObjects/Items/ItemFunctions/Food_Function.cs
  artifactKey: Guid(0636dff6096bb441d97376240cfe4ceb) Importer(815301076,1909f56bfc062723c751e8b465ee728b)
Start importing Assets/Scripts/ScriptableObjects/Items/ItemFunctions/Food_Function.cs using Guid(0636dff6096bb441d97376240cfe4ceb) Importer(815301076,1909f56bfc062723c751e8b465ee728b)  -> (artifact id: '627e7bf987c29c7f763ca36873db5c94') in 0.002042 seconds
  Import took 0.007927 seconds .

========================================================================
Received Import Request.
  Time since last request: 0.737700 seconds.
  path: Assets/Scripts/ScriptableObjects/Items/ItemFunctions/B_WeaponFunction.cs
  artifactKey: Guid(2bbe6d4f6efaf42f69991ccff54cbc9d) Importer(815301076,1909f56bfc062723c751e8b465ee728b)
Start importing Assets/Scripts/ScriptableObjects/Items/ItemFunctions/B_WeaponFunction.cs using Guid(2bbe6d4f6efaf42f69991ccff54cbc9d) Importer(815301076,1909f56bfc062723c751e8b465ee728b)  -> (artifact id: 'b727bf44080194f89d64209a7db5a4cd') in 0.002057 seconds
  Import took 0.008257 seconds .

========================================================================
Received Prepare
Registering precompiled user dll's ...
Registered in 0.134816 seconds.
Begin MonoManager ReloadAssembly
Native extension for Lumin target not found
Native extension for WindowsStandalone target not found
Native extension for OSXStandalone target not found
Native extension for WebGL target not found
Refreshing native plugins compatible for Editor in 0.65 ms, found 2 plugins.
Preloading 0 native plugins for Editor in 0.00 ms.
Invoked RoslynAnalysisRunner static constructor.
RoslynAnalysisRunner will not be running.
RoslynAnalysisRunner has terminated.
Mono: successfully reloaded assembly
- Completed reload, in  1.353 seconds
Platform modules already initialized, skipping
Shader 'Universal Render Pipeline/Particles/Lit': fallback shader 'Universal Render Pipeline/Particles/SimpleLit' not found
Refreshing native plugins compatible for Editor in 0.62 ms, found 2 plugins.
Preloading 0 native plugins for Editor in 0.00 ms.
Unloading 2970 Unused Serialized files (Serialized files now loaded: 0)
System memory in use before: 225.5 MB.
System memory in use after: 225.6 MB.

Unloading 23 unused Assets to reduce memory usage. Loaded Objects now: 3586.
Total: 2.555643 ms (FindLiveObjects: 0.403587 ms CreateObjectMapping: 0.159285 ms MarkObjects: 1.892671 ms  DeleteObjects: 0.098890 ms)

========================================================================
Received Prepare
Registering precompiled user dll's ...
Registered in 0.205057 seconds.
Begin MonoManager ReloadAssembly
Native extension for Lumin target not found
Native extension for WindowsStandalone target not found
Native extension for OSXStandalone target not found
Native extension for WebGL target not found
Refreshing native plugins compatible for Editor in 0.74 ms, found 2 plugins.
Preloading 0 native plugins for Editor in 0.00 ms.
Invoked RoslynAnalysisRunner static constructor.
RoslynAnalysisRunner will not be running.
RoslynAnalysisRunner has terminated.
Mono: successfully reloaded assembly
- Completed reload, in  1.565 seconds
Platform modules already initialized, skipping
Shader 'Universal Render Pipeline/Particles/Lit': fallback shader 'Universal Render Pipeline/Particles/SimpleLit' not found
Refreshing native plugins compatible for Editor in 0.96 ms, found 2 plugins.
Preloading 0 native plugins for Editor in 0.00 ms.
Unloading 2970 Unused Serialized files (Serialized files now loaded: 0)
System memory in use before: 225.8 MB.
System memory in use after: 225.9 MB.

Unloading 23 unused Assets to reduce memory usage. Loaded Objects now: 3589.
Total: 3.624602 ms (FindLiveObjects: 0.509784 ms CreateObjectMapping: 0.216362 ms MarkObjects: 2.728670 ms  DeleteObjects: 0.167696 ms)

========================================================================
Received Import Request.
  Time since last request: 80.988510 seconds.
  path: Assets/Scripts/ScriptableObjects/Items/ItemFunctions/Food_Function.cs
  artifactKey: Guid(0636dff6096bb441d97376240cfe4ceb) Importer(815301076,1909f56bfc062723c751e8b465ee728b)
Start importing Assets/Scripts/ScriptableObjects/Items/ItemFunctions/Food_Function.cs using Guid(0636dff6096bb441d97376240cfe4ceb) Importer(815301076,1909f56bfc062723c751e8b465ee728b)  -> (artifact id: 'd35d130cf7ddc1c1c2ee55ed8a375a27') in 0.006198 seconds
  Import took 0.013052 seconds .

========================================================================
Received Prepare
Registering precompiled user dll's ...
Registered in 0.170230 seconds.
Begin MonoManager ReloadAssembly
Native extension for Lumin target not found
Native extension for WindowsStandalone target not found
Native extension for OSXStandalone target not found
Native extension for WebGL target not found
Refreshing native plugins compatible for Editor in 0.63 ms, found 2 plugins.
Preloading 0 native plugins for Editor in 0.00 ms.
Invoked RoslynAnalysisRunner static constructor.
RoslynAnalysisRunner will not be running.
RoslynAnalysisRunner has terminated.
Mono: successfully reloaded assembly
- Completed reload, in  1.446 seconds
Platform modules already initialized, skipping
Shader 'Universal Render Pipeline/Particles/Lit': fallback shader 'Universal Render Pipeline/Particles/SimpleLit' not found
Refreshing native plugins compatible for Editor in 0.67 ms, found 2 plugins.
Preloading 0 native plugins for Editor in 0.00 ms.
Unloading 2970 Unused Serialized files (Serialized files now loaded: 0)
System memory in use before: 225.9 MB.
System memory in use after: 226.1 MB.

Unloading 23 unused Assets to reduce memory usage. Loaded Objects now: 3592.
Total: 2.465134 ms (FindLiveObjects: 0.392927 ms CreateObjectMapping: 0.145278 ms MarkObjects: 1.813185 ms  DeleteObjects: 0.112690 ms)

========================================================================
Received Import Request.
  Time since last request: 214.881424 seconds.
  path: Assets/Scripts/ScriptableObjects/Items/ItemFunctions/Food_Function.cs
  artifactKey: Guid(0636dff6096bb441d97376240cfe4ceb) Importer(815301076,1909f56bfc062723c751e8b465ee728b)
Start importing Assets/Scripts/ScriptableObjects/Items/ItemFunctions/Food_Function.cs using Guid(0636dff6096bb441d97376240cfe4ceb) Importer(815301076,1909f56bfc062723c751e8b465ee728b)  -> (artifact id: '7691f0c5579d723994aea365b474daf7') in 0.010358 seconds
  Import took 0.015396 seconds .

========================================================================
Received Prepare
Registering precompiled user dll's ...
Registered in 0.143016 seconds.
Begin MonoManager ReloadAssembly
Native extension for Lumin target not found
Native extension for WindowsStandalone target not found
Native extension for OSXStandalone target not found
Native extension for WebGL target not found
Refreshing native plugins compatible for Editor in 0.78 ms, found 2 plugins.
Preloading 0 native plugins for Editor in 0.00 ms.
Invoked RoslynAnalysisRunner static constructor.
RoslynAnalysisRunner will not be running.
RoslynAnalysisRunner has terminated.
Mono: successfully reloaded assembly
- Completed reload, in  1.293 seconds
Platform modules already initialized, skipping
Shader 'Universal Render Pipeline/Particles/Lit': fallback shader 'Universal Render Pipeline/Particles/SimpleLit' not found
Refreshing native plugins compatible for Editor in 0.70 ms, found 2 plugins.
Preloading 0 native plugins for Editor in 0.00 ms.
Unloading 2970 Unused Serialized files (Serialized files now loaded: 0)
System memory in use before: 226.2 MB.
System memory in use after: 226.3 MB.

Unloading 23 unused Assets to reduce memory usage. Loaded Objects now: 3595.
Total: 2.802263 ms (FindLiveObjects: 0.403982 ms CreateObjectMapping: 0.152275 ms MarkObjects: 2.140299 ms  DeleteObjects: 0.104445 ms)

========================================================================
Received Import Request.
  Time since last request: 428.654029 seconds.
  path: Assets/Scripts/ScriptableObjects/Items/ItemFunctions/Food_Function.cs
  artifactKey: Guid(0636dff6096bb441d97376240cfe4ceb) Importer(815301076,1909f56bfc062723c751e8b465ee728b)
Start importing Assets/Scripts/ScriptableObjects/Items/ItemFunctions/Food_Function.cs using Guid(0636dff6096bb441d97376240cfe4ceb) Importer(815301076,1909f56bfc062723c751e8b465ee728b)  -> (artifact id: '3002a5435c1fb0d7d52cf56ba17a53c4') in 0.008676 seconds
  Import took 0.014050 seconds .

========================================================================
Received Prepare
Registering precompiled user dll's ...
Registered in 0.187019 seconds.
Begin MonoManager ReloadAssembly
Native extension for Lumin target not found
Native extension for WindowsStandalone target not found
Native extension for OSXStandalone target not found
Native extension for WebGL target not found
Refreshing native plugins compatible for Editor in 0.63 ms, found 2 plugins.
Preloading 0 native plugins for Editor in 0.00 ms.
Invoked RoslynAnalysisRunner static constructor.
RoslynAnalysisRunner will not be running.
RoslynAnalysisRunner has terminated.
Mono: successfully reloaded assembly
- Completed reload, in  1.413 seconds
Platform modules already initialized, skipping
Shader 'Universal Render Pipeline/Particles/Lit': fallback shader 'Universal Render Pipeline/Particles/SimpleLit' not found
Refreshing native plugins compatible for Editor in 0.85 ms, found 2 plugins.
Preloading 0 native plugins for Editor in 0.00 ms.
Unloading 2970 Unused Serialized files (Serialized files now loaded: 0)
System memory in use before: 226.4 MB.
System memory in use after: 226.5 MB.

Unloading 23 unused Assets to reduce memory usage. Loaded Objects now: 3598.
Total: 2.430299 ms (FindLiveObjects: 0.346798 ms CreateObjectMapping: 0.133671 ms MarkObjects: 1.835323 ms  DeleteObjects: 0.098359 ms)

========================================================================
Received Prepare
Registering precompiled user dll's ...
Registered in 0.216533 seconds.
Begin MonoManager ReloadAssembly
Native extension for Lumin target not found
Native extension for WindowsStandalone target not found
Native extension for OSXStandalone target not found
Native extension for WebGL target not found
Refreshing native plugins compatible for Editor in 0.63 ms, found 2 plugins.
Preloading 0 native plugins for Editor in 0.00 ms.
Invoked RoslynAnalysisRunner static constructor.
RoslynAnalysisRunner will not be running.
RoslynAnalysisRunner has terminated.
Mono: successfully reloaded assembly
- Completed reload, in  1.287 seconds
Platform modules already initialized, skipping
Shader 'Universal Render Pipeline/Particles/Lit': fallback shader 'Universal Render Pipeline/Particles/SimpleLit' not found
Refreshing native plugins compatible for Editor in 0.77 ms, found 2 plugins.
Preloading 0 native plugins for Editor in 0.00 ms.
Unloading 2970 Unused Serialized files (Serialized files now loaded: 0)
System memory in use before: 226.6 MB.
System memory in use after: 226.7 MB.

Unloading 23 unused Assets to reduce memory usage. Loaded Objects now: 3601.
Total: 2.955257 ms (FindLiveObjects: 0.320748 ms CreateObjectMapping: 0.139389 ms MarkObjects: 2.374457 ms  DeleteObjects: 0.119497 ms)

========================================================================
Received Prepare
Registering precompiled user dll's ...
Registered in 0.093615 seconds.
Begin MonoManager ReloadAssembly
Native extension for Lumin target not found
Native extension for WindowsStandalone target not found
Native extension for OSXStandalone target not found
Native extension for WebGL target not found
Refreshing native plugins compatible for Editor in 0.66 ms, found 2 plugins.
Preloading 0 native plugins for Editor in 0.00 ms.
Invoked RoslynAnalysisRunner static constructor.
RoslynAnalysisRunner will not be running.
RoslynAnalysisRunner has terminated.
Mono: successfully reloaded assembly
- Completed reload, in  1.267 seconds
Platform modules already initialized, skipping
Shader 'Universal Render Pipeline/Particles/Lit': fallback shader 'Universal Render Pipeline/Particles/SimpleLit' not found
Refreshing native plugins compatible for Editor in 0.62 ms, found 2 plugins.
Preloading 0 native plugins for Editor in 0.00 ms.
Unloading 2970 Unused Serialized files (Serialized files now loaded: 0)
System memory in use before: 226.8 MB.
System memory in use after: 226.9 MB.

Unloading 23 unused Assets to reduce memory usage. Loaded Objects now: 3604.
Total: 2.704135 ms (FindLiveObjects: 0.365233 ms CreateObjectMapping: 0.144219 ms MarkObjects: 2.092507 ms  DeleteObjects: 0.101142 ms)

========================================================================
Received Prepare
Registering precompiled user dll's ...
Registered in 0.163984 seconds.
Begin MonoManager ReloadAssembly
Native extension for Lumin target not found
Native extension for WindowsStandalone target not found
Native extension for OSXStandalone target not found
Native extension for WebGL target not found
Refreshing native plugins compatible for Editor in 0.91 ms, found 2 plugins.
Preloading 0 native plugins for Editor in 0.00 ms.
Invoked RoslynAnalysisRunner static constructor.
RoslynAnalysisRunner will not be running.
RoslynAnalysisRunner has terminated.
Mono: successfully reloaded assembly
- Completed reload, in  1.354 seconds
Platform modules already initialized, skipping
Shader 'Universal Render Pipeline/Particles/Lit': fallback shader 'Universal Render Pipeline/Particles/SimpleLit' not found
Refreshing native plugins compatible for Editor in 0.63 ms, found 2 plugins.
Preloading 0 native plugins for Editor in 0.00 ms.
Unloading 2970 Unused Serialized files (Serialized files now loaded: 0)
System memory in use before: 227.0 MB.
System memory in use after: 227.1 MB.

Unloading 23 unused Assets to reduce memory usage. Loaded Objects now: 3607.
Total: 2.831091 ms (FindLiveObjects: 0.361752 ms CreateObjectMapping: 0.159358 ms MarkObjects: 2.187961 ms  DeleteObjects: 0.119962 ms)

========================================================================
Received Import Request.
  Time since last request: 495.822131 seconds.
  path: Assets/ItemPrefabs/ProjectileWeapons/PWScriptObjects/AssaultRifle.asset
  artifactKey: Guid(279cd25dfd5634ee5a931a40d812b399) Importer(815301076,1909f56bfc062723c751e8b465ee728b)
Start importing Assets/ItemPrefabs/ProjectileWeapons/PWScriptObjects/AssaultRifle.asset using Guid(279cd25dfd5634ee5a931a40d812b399) Importer(815301076,1909f56bfc062723c751e8b465ee728b)  -> (artifact id: '86c53fe7751b3ebee1d80c75b6ca599e') in 0.024462 seconds
  Import took 0.031115 seconds .

========================================================================
Received Import Request.
  Time since last request: 78.867357 seconds.
  path: Assets/ItemPrefabs/BluntWeapons/B_WeaponPrefabs/BaseballBat.prefab
  artifactKey: Guid(414f03961f2a24f8ebf5752384a77308) Importer(815301076,1909f56bfc062723c751e8b465ee728b)
Start importing Assets/ItemPrefabs/BluntWeapons/B_WeaponPrefabs/BaseballBat.prefab using Guid(414f03961f2a24f8ebf5752384a77308) Importer(815301076,1909f56bfc062723c751e8b465ee728b)  -> (artifact id: '2e042a6892b1826145db1b83557d9c36') in 0.106251 seconds
  Import took 0.114014 seconds .

========================================================================
Received Import Request.
  Time since last request: 0.369212 seconds.
  path: Assets/ItemPrefabs/BluntWeapons/B_WeaponPrefabs/Wrench.prefab
  artifactKey: Guid(2dad06e909c9045d380488b0db022e49) Importer(815301076,1909f56bfc062723c751e8b465ee728b)
Start importing Assets/ItemPrefabs/BluntWeapons/B_WeaponPrefabs/Wrench.prefab using Guid(2dad06e909c9045d380488b0db022e49) Importer(815301076,1909f56bfc062723c751e8b465ee728b)  -> (artifact id: '26677ec17dc18bde5500102b2d72e298') in 0.025001 seconds
  Import took 0.030122 seconds .

========================================================================
Received Import Request.
  Time since last request: 3.559464 seconds.
  path: Assets/ItemPrefabs/FoodItems/FoodPrefabs/CandyBar.prefab
  artifactKey: Guid(e71291878bf294bfeb4bc02261ac2a48) Importer(815301076,1909f56bfc062723c751e8b465ee728b)
Start importing Assets/ItemPrefabs/FoodItems/FoodPrefabs/CandyBar.prefab using Guid(e71291878bf294bfeb4bc02261ac2a48) Importer(815301076,1909f56bfc062723c751e8b465ee728b)  -> (artifact id: 'a9a657e13aae6808cec001a7dce58d58') in 0.008746 seconds
  Import took 0.014607 seconds .

========================================================================
Received Import Request.
  Time since last request: 0.001632 seconds.
  path: Assets/ItemPrefabs/FoodItems/FoodPrefabs/CandyBar.prefab
  artifactKey: Guid(e71291878bf294bfeb4bc02261ac2a48) Importer(815301076,1909f56bfc062723c751e8b465ee728b)
Start importing Assets/ItemPrefabs/FoodItems/FoodPrefabs/CandyBar.prefab using Guid(e71291878bf294bfeb4bc02261ac2a48) Importer(815301076,1909f56bfc062723c751e8b465ee728b)  -> (artifact id: 'a9a657e13aae6808cec001a7dce58d58') in 0.008724 seconds
  Import took 0.015511 seconds .

========================================================================
Received Prepare
Registering precompiled user dll's ...
Registered in 0.073693 seconds.
Begin MonoManager ReloadAssembly
Native extension for Lumin target not found
Native extension for WindowsStandalone target not found
Native extension for OSXStandalone target not found
Native extension for WebGL target not found
Refreshing native plugins compatible for Editor in 0.86 ms, found 2 plugins.
Preloading 0 native plugins for Editor in 0.00 ms.
Invoked RoslynAnalysisRunner static constructor.
RoslynAnalysisRunner will not be running.
RoslynAnalysisRunner has terminated.
Mono: successfully reloaded assembly
- Completed reload, in  1.403 seconds
Platform modules already initialized, skipping
Shader 'Universal Render Pipeline/Particles/Lit': fallback shader 'Universal Render Pipeline/Particles/SimpleLit' not found
Refreshing native plugins compatible for Editor in 0.74 ms, found 2 plugins.
Preloading 0 native plugins for Editor in 0.00 ms.
Unloading 2970 Unused Serialized files (Serialized files now loaded: 0)
System memory in use before: 227.3 MB.
System memory in use after: 227.4 MB.

Unloading 23 unused Assets to reduce memory usage. Loaded Objects now: 3611.
Total: 3.285956 ms (FindLiveObjects: 0.351837 ms CreateObjectMapping: 0.139576 ms MarkObjects: 2.677073 ms  DeleteObjects: 0.116571 ms)

========================================================================
Received Import Request.
  Time since last request: 18.215278 seconds.
  path: Assets/ItemPrefabs/FoodItems/FoodPrefabs/CandyBar.prefab
  artifactKey: Guid(e71291878bf294bfeb4bc02261ac2a48) Importer(815301076,1909f56bfc062723c751e8b465ee728b)
Start importing Assets/ItemPrefabs/FoodItems/FoodPrefabs/CandyBar.prefab using Guid(e71291878bf294bfeb4bc02261ac2a48) Importer(815301076,1909f56bfc062723c751e8b465ee728b)  -> (artifact id: '59b133387ceec5122dc819243348feca') in 0.068011 seconds
  Import took 0.073789 seconds .

========================================================================
Received Import Request.
  Time since last request: 6.753672 seconds.
  path: Assets/ItemPrefabs/FoodItems/FoodPrefabs/Riceball.prefab
  artifactKey: Guid(77c259ead3a3f4543a296fbfdc2df4d6) Importer(815301076,1909f56bfc062723c751e8b465ee728b)
Start importing Assets/ItemPrefabs/FoodItems/FoodPrefabs/Riceball.prefab using Guid(77c259ead3a3f4543a296fbfdc2df4d6) Importer(815301076,1909f56bfc062723c751e8b465ee728b)  -> (artifact id: 'bf299db401c410510fc0f01015059793') in 0.010990 seconds
  Import took 0.016552 seconds .

========================================================================
Received Prepare
Registering precompiled user dll's ...
Registered in 0.061626 seconds.
Begin MonoManager ReloadAssembly
Native extension for Lumin target not found
Native extension for WindowsStandalone target not found
Native extension for OSXStandalone target not found
Native extension for WebGL target not found
Refreshing native plugins compatible for Editor in 0.64 ms, found 2 plugins.
Preloading 0 native plugins for Editor in 0.00 ms.
Invoked RoslynAnalysisRunner static constructor.
RoslynAnalysisRunner will not be running.
RoslynAnalysisRunner has terminated.
Mono: successfully reloaded assembly
- Completed reload, in  1.345 seconds
Platform modules already initialized, skipping
Shader 'Universal Render Pipeline/Particles/Lit': fallback shader 'Universal Render Pipeline/Particles/SimpleLit' not found
Refreshing native plugins compatible for Editor in 0.63 ms, found 2 plugins.
Preloading 0 native plugins for Editor in 0.00 ms.
Unloading 2970 Unused Serialized files (Serialized files now loaded: 0)
System memory in use before: 227.6 MB.
System memory in use after: 227.7 MB.

Unloading 23 unused Assets to reduce memory usage. Loaded Objects now: 3615.
Total: 2.535372 ms (FindLiveObjects: 0.450514 ms CreateObjectMapping: 0.147173 ms MarkObjects: 1.834264 ms  DeleteObjects: 0.101445 ms)

AssetImportWorkerClient::OnTransportError - code=2 error=End of file
