Using pre-set license

 COMMAND LINE ARGUMENTS:
/Applications/Unity/Hub/Editor/2020.2.4f1/Unity.app/Contents/MacOS/Unity
-adb2
-batchMode
-noUpm
-name
AssetImportWorker1
-projectPath
/Users/williammcbride/Desktop/QUSpring2021/GDD411/InnerCityBrawler/Inner-City-Brawlers-GitPage/Inner City Brawlers
-logFile
Logs/AssetImportWorker1.log
-srvPort
50651
Successfully changed project path to: /Users/williammcbride/Desktop/QUSpring2021/GDD411/InnerCityBrawler/Inner-City-Brawlers-GitPage/Inner City Brawlers
/Users/williammcbride/Desktop/QUSpring2021/GDD411/InnerCityBrawler/Inner-City-Brawlers-GitPage/Inner City Brawlers
Using Asset Import Pipeline V2.
Refreshing native plugins compatible for Editor in 75.54 ms, found 2 plugins.
Preloading 0 native plugins for Editor in 0.00 ms.
Initialize engine version: 2020.2.4f1 (becced5a802b)
[Subsystems] Discovering subsystems at path /Applications/Unity/Hub/Editor/2020.2.4f1/Unity.app/Contents/Resources/UnitySubsystems
[Subsystems] Discovering subsystems at path /Users/williammcbride/Desktop/QUSpring2021/GDD411/InnerCityBrawler/Inner-City-Brawlers-GitPage/Inner City Brawlers/Assets
GfxDevice: creating device client; threaded=0
2021-02-22 14:39:57.492 Unity[77565:8610647] iMac preferred device: AMD Radeon Pro 570 (high power)
2021-02-22 14:39:57.492 Unity[77565:8610647] Metal devices available: 1
2021-02-22 14:39:57.492 Unity[77565:8610647] 0: AMD Radeon Pro 570 (high power)
2021-02-22 14:39:57.493 Unity[77565:8610647] Using device AMD Radeon Pro 570 (high power)
Initializing Metal device caps: AMD Radeon Pro 570
Shader 'Universal Render Pipeline/Particles/Lit': fallback shader 'Universal Render Pipeline/Particles/SimpleLit' not found
Initialize mono
Mono path[0] = '/Applications/Unity/Hub/Editor/2020.2.4f1/Unity.app/Contents/Managed'
Mono path[1] = '/Applications/Unity/Hub/Editor/2020.2.4f1/Unity.app/Contents/MonoBleedingEdge/lib/mono/unityjit'
Mono config path = '/Applications/Unity/Hub/Editor/2020.2.4f1/Unity.app/Contents/MonoBleedingEdge/etc'
Using monoOptions --debugger-agent=transport=dt_socket,embedding=1,server=y,suspend=n,address=127.0.0.1:56565
Begin MonoManager ReloadAssembly
Registering precompiled unity dll's ...
Register platform support module: /Applications/Unity/Hub/Editor/2020.2.4f1/PlaybackEngines/WebGLSupport/UnityEditor.WebGL.Extensions.dll
Register platform support module: /Applications/Unity/Hub/Editor/2020.2.4f1/Unity.app/Contents/PlaybackEngines/MacStandaloneSupport/UnityEditor.OSXStandalone.Extensions.dll
Register platform support module: /Applications/Unity/Hub/Editor/2020.2.4f1/PlaybackEngines/WindowsStandaloneSupport/UnityEditor.WindowsStandalone.Extensions.dll
Register platform support module: /Applications/Unity/Hub/Editor/2020.2.4f1/PlaybackEngines/LuminSupport/UnityEditor.Lumin.Extensions.dll
Registered in 0.175970 seconds.
Native extension for Lumin target not found
Native extension for WindowsStandalone target not found
Native extension for OSXStandalone target not found
Native extension for WebGL target not found
Refreshing native plugins compatible for Editor in 74.01 ms, found 2 plugins.
Preloading 0 native plugins for Editor in 0.00 ms.
Invoked RoslynAnalysisRunner static constructor.
RoslynAnalysisRunner will not be running.
RoslynAnalysisRunner has terminated.
Mono: successfully reloaded assembly
- Completed reload, in  3.050 seconds
Platform modules already initialized, skipping
Registering precompiled user dll's ...
Registered in 0.005955 seconds.
Begin MonoManager ReloadAssembly
Native extension for Lumin target not found
Native extension for WindowsStandalone target not found
Native extension for OSXStandalone target not found
Native extension for WebGL target not found
Refreshing native plugins compatible for Editor in 68.75 ms, found 2 plugins.
Preloading 0 native plugins for Editor in 0.00 ms.
Invoked RoslynAnalysisRunner static constructor.
RoslynAnalysisRunner will not be running.
RoslynAnalysisRunner has terminated.
Mono: successfully reloaded assembly
- Completed reload, in  1.999 seconds
Platform modules already initialized, skipping
========================================================================
Worker process is ready to serve import requests
Shader 'Universal Render Pipeline/Particles/Lit': fallback shader 'Universal Render Pipeline/Particles/SimpleLit' not found
Launching external process: /Applications/Unity/Hub/Editor/2020.2.4f1/Unity.app/Contents/Tools/UnityShaderCompiler
Launched and connected shader compiler UnityShaderCompiler after 0.05 seconds
Refreshing native plugins compatible for Editor in 0.65 ms, found 2 plugins.
Preloading 0 native plugins for Editor in 0.00 ms.
Unloading 3022 Unused Serialized files (Serialized files now loaded: 0)
System memory in use before: 209.5 MB.
System memory in use after: 209.6 MB.

Unloading 35 unused Assets to reduce memory usage. Loaded Objects now: 3514.
Total: 2.805645 ms (FindLiveObjects: 0.400460 ms CreateObjectMapping: 0.186064 ms MarkObjects: 2.050220 ms  DeleteObjects: 0.167930 ms)

========================================================================
Received Import Request.
  path: Assets/Scripts/ItemScripts
  artifactKey: Guid(d43b091a00644461085e44fb8cce4db6) Importer(815301076,1909f56bfc062723c751e8b465ee728b)
Start importing Assets/Scripts/ItemScripts using Guid(d43b091a00644461085e44fb8cce4db6) Importer(815301076,1909f56bfc062723c751e8b465ee728b)  -> (artifact id: '7e28b7f0bf55aaff3f49db11f61c9989') in 0.013439 seconds
  Import took 0.019315 seconds .

========================================================================
Received Import Request.
  Time since last request: 19.238495 seconds.
  path: Assets/Scripts/GeneralGameScripts/CallOutAssist.cs
  artifactKey: Guid(25628a7f49e9946f7b150193b8f01fce) Importer(815301076,1909f56bfc062723c751e8b465ee728b)
Start importing Assets/Scripts/GeneralGameScripts/CallOutAssist.cs using Guid(25628a7f49e9946f7b150193b8f01fce) Importer(815301076,1909f56bfc062723c751e8b465ee728b)  -> (artifact id: 'eaaf5e953173039c6adb0f6b555a6c7b') in 1.113456 seconds
  Import took 1.120675 seconds .

========================================================================
Received Prepare
Registering precompiled user dll's ...
Registered in 0.120585 seconds.
Begin MonoManager ReloadAssembly
Native extension for Lumin target not found
Native extension for WindowsStandalone target not found
Native extension for OSXStandalone target not found
Native extension for WebGL target not found
Refreshing native plugins compatible for Editor in 0.87 ms, found 2 plugins.
Preloading 0 native plugins for Editor in 0.00 ms.
Invoked RoslynAnalysisRunner static constructor.
RoslynAnalysisRunner will not be running.
RoslynAnalysisRunner has terminated.
Mono: successfully reloaded assembly
- Completed reload, in  7.093 seconds
Platform modules already initialized, skipping
Shader 'Universal Render Pipeline/Particles/Lit': fallback shader 'Universal Render Pipeline/Particles/SimpleLit' not found
Refreshing native plugins compatible for Editor in 0.63 ms, found 2 plugins.
Preloading 0 native plugins for Editor in 0.00 ms.
Unloading 2962 Unused Serialized files (Serialized files now loaded: 0)
System memory in use before: 209.6 MB.
System memory in use after: 209.8 MB.

Unloading 23 unused Assets to reduce memory usage. Loaded Objects now: 3518.
Total: 3.166286 ms (FindLiveObjects: 0.394397 ms CreateObjectMapping: 0.283523 ms MarkObjects: 2.323478 ms  DeleteObjects: 0.163443 ms)

