Using pre-set license

 COMMAND LINE ARGUMENTS:
/Applications/Unity/Hub/Editor/2020.2.4f1/Unity.app/Contents/MacOS/Unity
-adb2
-batchMode
-noUpm
-name
AssetImportWorker26
-projectPath
/Users/williammcbride/Desktop/QUSpring2021/GDD411/InnerCityBrawler/Inner-City-Brawlers-GitPage/Inner City Brawlers
-logFile
Logs/AssetImportWorker26.log
-srvPort
50582
Successfully changed project path to: /Users/williammcbride/Desktop/QUSpring2021/GDD411/InnerCityBrawler/Inner-City-Brawlers-GitPage/Inner City Brawlers
/Users/williammcbride/Desktop/QUSpring2021/GDD411/InnerCityBrawler/Inner-City-Brawlers-GitPage/Inner City Brawlers
Using Asset Import Pipeline V2.
Refreshing native plugins compatible for Editor in 77.08 ms, found 2 plugins.
Preloading 0 native plugins for Editor in 0.00 ms.
Initialize engine version: 2020.2.4f1 (becced5a802b)
[Subsystems] Discovering subsystems at path /Applications/Unity/Hub/Editor/2020.2.4f1/Unity.app/Contents/Resources/UnitySubsystems
[Subsystems] Discovering subsystems at path /Users/williammcbride/Desktop/QUSpring2021/GDD411/InnerCityBrawler/Inner-City-Brawlers-GitPage/Inner City Brawlers/Assets
GfxDevice: creating device client; threaded=0
2021-02-24 14:21:42.089 Unity[6835:97182] iMac preferred device: AMD Radeon Pro 570 (high power)
2021-02-24 14:21:42.089 Unity[6835:97182] Metal devices available: 1
2021-02-24 14:21:42.089 Unity[6835:97182] 0: AMD Radeon Pro 570 (high power)
2021-02-24 14:21:42.090 Unity[6835:97182] Using device AMD Radeon Pro 570 (high power)
Initializing Metal device caps: AMD Radeon Pro 570
Shader 'Universal Render Pipeline/Particles/Lit': fallback shader 'Universal Render Pipeline/Particles/SimpleLit' not found
Initialize mono
Mono path[0] = '/Applications/Unity/Hub/Editor/2020.2.4f1/Unity.app/Contents/Managed'
Mono path[1] = '/Applications/Unity/Hub/Editor/2020.2.4f1/Unity.app/Contents/MonoBleedingEdge/lib/mono/unityjit'
Mono config path = '/Applications/Unity/Hub/Editor/2020.2.4f1/Unity.app/Contents/MonoBleedingEdge/etc'
Using monoOptions --debugger-agent=transport=dt_socket,embedding=1,server=y,suspend=n,address=127.0.0.1:56835
Begin MonoManager ReloadAssembly
Registering precompiled unity dll's ...
Register platform support module: /Applications/Unity/Hub/Editor/2020.2.4f1/PlaybackEngines/WebGLSupport/UnityEditor.WebGL.Extensions.dll
Register platform support module: /Applications/Unity/Hub/Editor/2020.2.4f1/Unity.app/Contents/PlaybackEngines/MacStandaloneSupport/UnityEditor.OSXStandalone.Extensions.dll
Register platform support module: /Applications/Unity/Hub/Editor/2020.2.4f1/PlaybackEngines/WindowsStandaloneSupport/UnityEditor.WindowsStandalone.Extensions.dll
Register platform support module: /Applications/Unity/Hub/Editor/2020.2.4f1/PlaybackEngines/LuminSupport/UnityEditor.Lumin.Extensions.dll
Registered in 0.000957 seconds.
Native extension for Lumin target not found
Native extension for WindowsStandalone target not found
Native extension for OSXStandalone target not found
Native extension for WebGL target not found
Refreshing native plugins compatible for Editor in 64.82 ms, found 2 plugins.
Preloading 0 native plugins for Editor in 0.00 ms.
Invoked RoslynAnalysisRunner static constructor.
RoslynAnalysisRunner will not be running.
RoslynAnalysisRunner has terminated.
Mono: successfully reloaded assembly
- Completed reload, in  2.263 seconds
Platform modules already initialized, skipping
Registering precompiled user dll's ...
Registered in 0.124026 seconds.
Begin MonoManager ReloadAssembly
Native extension for Lumin target not found
Native extension for WindowsStandalone target not found
Native extension for OSXStandalone target not found
Native extension for WebGL target not found
Refreshing native plugins compatible for Editor in 72.30 ms, found 2 plugins.
Preloading 0 native plugins for Editor in 0.00 ms.
Invoked RoslynAnalysisRunner static constructor.
RoslynAnalysisRunner will not be running.
RoslynAnalysisRunner has terminated.
Mono: successfully reloaded assembly
- Completed reload, in  1.469 seconds
Platform modules already initialized, skipping
========================================================================
Worker process is ready to serve import requests
Shader 'Universal Render Pipeline/Particles/Lit': fallback shader 'Universal Render Pipeline/Particles/SimpleLit' not found
Launching external process: /Applications/Unity/Hub/Editor/2020.2.4f1/Unity.app/Contents/Tools/UnityShaderCompiler
Launched and connected shader compiler UnityShaderCompiler after 0.01 seconds
Refreshing native plugins compatible for Editor in 0.70 ms, found 2 plugins.
Preloading 0 native plugins for Editor in 0.00 ms.
Unloading 3030 Unused Serialized files (Serialized files now loaded: 0)
System memory in use before: 209.8 MB.
System memory in use after: 209.9 MB.

Unloading 35 unused Assets to reduce memory usage. Loaded Objects now: 3522.
Total: 3.407872 ms (FindLiveObjects: 0.391568 ms CreateObjectMapping: 0.156918 ms MarkObjects: 2.574501 ms  DeleteObjects: 0.282514 ms)

========================================================================
Received Import Request.
  path: Assets/ItemPrefabs/FoodItem/Universal_Food_Item_Prefab.prefab
  artifactKey: Guid(2e74fba611f964b14bb53208107b1277) Importer(815301076,1909f56bfc062723c751e8b465ee728b)
Start importing Assets/ItemPrefabs/FoodItem/Universal_Food_Item_Prefab.prefab using Guid(2e74fba611f964b14bb53208107b1277) Importer(815301076,1909f56bfc062723c751e8b465ee728b)  -> (artifact id: '62f81486cb61f9d35c1a2569b071e0d5') in 1.077164 seconds
  Import took 1.084678 seconds .

========================================================================
Received Import Request.
  Time since last request: 34.575197 seconds.
  path: Assets/ItemPrefabs/BluntWeapon/Universal_B_Weapon_Prefab.prefab
  artifactKey: Guid(4528d6647536942468f9a77b77941f16) Importer(815301076,1909f56bfc062723c751e8b465ee728b)
Start importing Assets/ItemPrefabs/BluntWeapon/Universal_B_Weapon_Prefab.prefab using Guid(4528d6647536942468f9a77b77941f16) Importer(815301076,1909f56bfc062723c751e8b465ee728b)  -> (artifact id: '793c82053a69ff2f3ef03932cb5a54ca') in 0.048429 seconds
  Import took 0.054067 seconds .

========================================================================
Received Import Request.
  Time since last request: 0.000386 seconds.
  path: Assets/ItemPrefabs/BluntWeapon/Universal_B_Weapon_Prefab.prefab
  artifactKey: Guid(4528d6647536942468f9a77b77941f16) Importer(815301076,1909f56bfc062723c751e8b465ee728b)
Start importing Assets/ItemPrefabs/BluntWeapon/Universal_B_Weapon_Prefab.prefab using Guid(4528d6647536942468f9a77b77941f16) Importer(815301076,1909f56bfc062723c751e8b465ee728b)  -> (artifact id: '793c82053a69ff2f3ef03932cb5a54ca') in 0.009655 seconds
  Import took 0.016466 seconds .

========================================================================
Received Import Request.
  Time since last request: 33.263263 seconds.
  path: Assets/ItemPrefabs/ProjectileWeapon/Universal_P_Weapon_Prefab.prefab
  artifactKey: Guid(27589690e427a4788a3947dadc50d2dc) Importer(815301076,1909f56bfc062723c751e8b465ee728b)
Start importing Assets/ItemPrefabs/ProjectileWeapon/Universal_P_Weapon_Prefab.prefab using Guid(27589690e427a4788a3947dadc50d2dc) Importer(815301076,1909f56bfc062723c751e8b465ee728b)  -> (artifact id: 'a7797969a1d75a72418cb820d9693f56') in 0.023978 seconds
  Import took 0.030460 seconds .

========================================================================
Received Import Request.
  Time since last request: 0.004239 seconds.
  path: Assets/ItemPrefabs/ProjectileWeapon/Universal_P_Weapon_Prefab.prefab
  artifactKey: Guid(27589690e427a4788a3947dadc50d2dc) Importer(815301076,1909f56bfc062723c751e8b465ee728b)
Start importing Assets/ItemPrefabs/ProjectileWeapon/Universal_P_Weapon_Prefab.prefab using Guid(27589690e427a4788a3947dadc50d2dc) Importer(815301076,1909f56bfc062723c751e8b465ee728b)  -> (artifact id: 'a7797969a1d75a72418cb820d9693f56') in 0.009879 seconds
  Import took 0.017185 seconds .

========================================================================
Received Import Request.
  Time since last request: 9.863241 seconds.
  path: Assets/ItemPrefabs/BluntWeapon
  artifactKey: Guid(85a311e5780bf41be9eb608309ff2ad1) Importer(815301076,1909f56bfc062723c751e8b465ee728b)
Start importing Assets/ItemPrefabs/BluntWeapon using Guid(85a311e5780bf41be9eb608309ff2ad1) Importer(815301076,1909f56bfc062723c751e8b465ee728b)  -> (artifact id: '50ac9cc3f58d1061f06196e3669be7b5') in 0.001308 seconds
  Import took 0.008460 seconds .

========================================================================
Received Import Request.
  Time since last request: 6.684373 seconds.
  path: Assets/ItemPrefabs/BluntWeapons
  artifactKey: Guid(85a311e5780bf41be9eb608309ff2ad1) Importer(815301076,1909f56bfc062723c751e8b465ee728b)
Start importing Assets/ItemPrefabs/BluntWeapons using Guid(85a311e5780bf41be9eb608309ff2ad1) Importer(815301076,1909f56bfc062723c751e8b465ee728b)  -> (artifact id: 'fafc8b45c233133628db3ee4a3e77091') in 0.001908 seconds
  Import took 0.010452 seconds .

========================================================================
Received Import Request.
  Time since last request: 1.202112 seconds.
  path: Assets/ItemPrefabs/FoodItem
  artifactKey: Guid(9d9243168f64c43399bdf457ef0f7ea5) Importer(815301076,1909f56bfc062723c751e8b465ee728b)
Start importing Assets/ItemPrefabs/FoodItem using Guid(9d9243168f64c43399bdf457ef0f7ea5) Importer(815301076,1909f56bfc062723c751e8b465ee728b)  -> (artifact id: 'd04fd9f6561403b6f332a3f40ed6b763') in 0.001358 seconds
  Import took 0.007830 seconds .

========================================================================
Received Import Request.
  Time since last request: 3.145333 seconds.
  path: Assets/ItemPrefabs/FoodItems
  artifactKey: Guid(9d9243168f64c43399bdf457ef0f7ea5) Importer(815301076,1909f56bfc062723c751e8b465ee728b)
Start importing Assets/ItemPrefabs/FoodItems using Guid(9d9243168f64c43399bdf457ef0f7ea5) Importer(815301076,1909f56bfc062723c751e8b465ee728b)  -> (artifact id: '6ff5c55a4f0371cc74e2114d21a15014') in 0.001053 seconds
  Import took 0.010758 seconds .

========================================================================
Received Import Request.
  Time since last request: 0.996175 seconds.
  path: Assets/ItemPrefabs/ProjectileWeapon
  artifactKey: Guid(ee0847c2543a54526a226838145b0a76) Importer(815301076,1909f56bfc062723c751e8b465ee728b)
Start importing Assets/ItemPrefabs/ProjectileWeapon using Guid(ee0847c2543a54526a226838145b0a76) Importer(815301076,1909f56bfc062723c751e8b465ee728b)  -> (artifact id: 'a490fabe32d508d062f9e83079fcec48') in 0.001426 seconds
  Import took 0.008255 seconds .

========================================================================
Received Import Request.
  Time since last request: 3.284275 seconds.
  path: Assets/ItemPrefabs/ProjectileWeapons
  artifactKey: Guid(ee0847c2543a54526a226838145b0a76) Importer(815301076,1909f56bfc062723c751e8b465ee728b)
Start importing Assets/ItemPrefabs/ProjectileWeapons using Guid(ee0847c2543a54526a226838145b0a76) Importer(815301076,1909f56bfc062723c751e8b465ee728b)  -> (artifact id: 'f3879c281c76ebbdc9699c2fba5659ac') in 0.001169 seconds
  Import took 0.008626 seconds .

========================================================================
Received Import Request.
  Time since last request: 14.634319 seconds.
  path: Assets/ItemPrefabs/BluntWeapons/UniversalPrefab
  artifactKey: Guid(08203e0f810dd43f780464298b6153d9) Importer(815301076,1909f56bfc062723c751e8b465ee728b)
Start importing Assets/ItemPrefabs/BluntWeapons/UniversalPrefab using Guid(08203e0f810dd43f780464298b6153d9) Importer(815301076,1909f56bfc062723c751e8b465ee728b)  -> (artifact id: 'e4e1bf04a5670df8b33c25cbe3ca71c7') in 0.002430 seconds
  Import took 0.010558 seconds .

========================================================================
Received Import Request.
  Time since last request: 11.506430 seconds.
  path: Assets/ItemPrefabs/FoodItems/UniversalPrefab
  artifactKey: Guid(a4c130ebe69ca4a2b8c1ed51e9684dc4) Importer(815301076,1909f56bfc062723c751e8b465ee728b)
Start importing Assets/ItemPrefabs/FoodItems/UniversalPrefab using Guid(a4c130ebe69ca4a2b8c1ed51e9684dc4) Importer(815301076,1909f56bfc062723c751e8b465ee728b)  -> (artifact id: 'af92d92275becad75ef8ddf214f965f8') in 0.002557 seconds
  Import took 0.011982 seconds .

========================================================================
Received Import Request.
  Time since last request: 10.187104 seconds.
  path: Assets/ItemPrefabs/ProjectileWeapons/UniversalPrefab
  artifactKey: Guid(aa234a4a25c5b4ec88cee2ff6816f0a9) Importer(815301076,1909f56bfc062723c751e8b465ee728b)
Start importing Assets/ItemPrefabs/ProjectileWeapons/UniversalPrefab using Guid(aa234a4a25c5b4ec88cee2ff6816f0a9) Importer(815301076,1909f56bfc062723c751e8b465ee728b)  -> (artifact id: 'c8d8216ba50e8b5eefc8b5688285be5a') in 0.001989 seconds
  Import took 0.011335 seconds .

========================================================================
Received Import Request.
  Time since last request: 345.537327 seconds.
  path: Assets/ItemPrefabs/BluntWeapons/BWScriptObjects
  artifactKey: Guid(701c106fc1d9d4154ba199c9b2e74187) Importer(815301076,1909f56bfc062723c751e8b465ee728b)
Start importing Assets/ItemPrefabs/BluntWeapons/BWScriptObjects using Guid(701c106fc1d9d4154ba199c9b2e74187) Importer(815301076,1909f56bfc062723c751e8b465ee728b)  -> (artifact id: '49dc98e489574f86e3491c1af4b64f0a') in 0.003700 seconds
  Import took 0.031887 seconds .

========================================================================
Received Import Request.
  Time since last request: 16.787882 seconds.
  path: Assets/ItemPrefabs/FoodItems/FoodScriptObjects
  artifactKey: Guid(6eacd16eaa9dd49e3a0b20b0415b2e12) Importer(815301076,1909f56bfc062723c751e8b465ee728b)
Start importing Assets/ItemPrefabs/FoodItems/FoodScriptObjects using Guid(6eacd16eaa9dd49e3a0b20b0415b2e12) Importer(815301076,1909f56bfc062723c751e8b465ee728b)  -> (artifact id: '36cff48e52e94fb524c33130f68d2212') in 0.002639 seconds
  Import took 0.010906 seconds .

========================================================================
Received Import Request.
  Time since last request: 14.675727 seconds.
  path: Assets/ItemPrefabs/ProjectileWeapons/PWScriptObjects
  artifactKey: Guid(3562df3cafdc243c3af1151f172ff5c4) Importer(815301076,1909f56bfc062723c751e8b465ee728b)
Start importing Assets/ItemPrefabs/ProjectileWeapons/PWScriptObjects using Guid(3562df3cafdc243c3af1151f172ff5c4) Importer(815301076,1909f56bfc062723c751e8b465ee728b)  -> (artifact id: '2d955115c9164b42caeb47e652f77c08') in 0.002697 seconds
  Import took 0.011623 seconds .

========================================================================
Received Import Request.
  Time since last request: 29.251788 seconds.
  path: Assets/ItemPrefabs/BluntWeapons/BWScriptObjects/Wrench.asset
  artifactKey: Guid(d9823dd377f8249afa8f5382a33d9f3f) Importer(815301076,1909f56bfc062723c751e8b465ee728b)
Start importing Assets/ItemPrefabs/BluntWeapons/BWScriptObjects/Wrench.asset using Guid(d9823dd377f8249afa8f5382a33d9f3f) Importer(815301076,1909f56bfc062723c751e8b465ee728b)  -> (artifact id: '04e5e8fda22fe6e7348709773d6fd1a0') in 0.261098 seconds
  Import took 0.266581 seconds .

========================================================================
Received Import Request.
  Time since last request: 14.885957 seconds.
  path: Assets/ItemPrefabs/FoodItems/FoodScriptObjects/CandyBar.asset
  artifactKey: Guid(9e989f91ef0d342f69a4ac668a940441) Importer(815301076,1909f56bfc062723c751e8b465ee728b)
Start importing Assets/ItemPrefabs/FoodItems/FoodScriptObjects/CandyBar.asset using Guid(9e989f91ef0d342f69a4ac668a940441) Importer(815301076,1909f56bfc062723c751e8b465ee728b)  -> (artifact id: 'd0731e42c3364e2d809b1c0fb35857cd') in 0.007706 seconds
  Import took 0.014672 seconds .

========================================================================
Received Import Request.
  Time since last request: 23.913112 seconds.
  path: Assets/ItemPrefabs/ProjectileWeapons/PWScriptObjects/Pistol.asset
  artifactKey: Guid(c12845e3ac13845faaeeedadb2011ce3) Importer(815301076,1909f56bfc062723c751e8b465ee728b)
Start importing Assets/ItemPrefabs/ProjectileWeapons/PWScriptObjects/Pistol.asset using Guid(c12845e3ac13845faaeeedadb2011ce3) Importer(815301076,1909f56bfc062723c751e8b465ee728b)  -> (artifact id: '98dfd9a671f86800ca9031c3d0e27574') in 0.008868 seconds
  Import took 0.015623 seconds .

========================================================================
Received Import Request.
  Time since last request: 55.022701 seconds.
  path: Assets/ItemPrefabs/BluntWeapons/Wrench.prefab
  artifactKey: Guid(2dad06e909c9045d380488b0db022e49) Importer(815301076,1909f56bfc062723c751e8b465ee728b)
Start importing Assets/ItemPrefabs/BluntWeapons/Wrench.prefab using Guid(2dad06e909c9045d380488b0db022e49) Importer(815301076,1909f56bfc062723c751e8b465ee728b)  -> (artifact id: 'fb29560b6f815d7c2986b36f0ed7a50e') in 0.067672 seconds
  Import took 0.075478 seconds .

========================================================================
Received Import Request.
  Time since last request: 95.835958 seconds.
  path: Assets/Scripts/ScriptableObjects/Items/ItemSO_Scripts/Projectile_Weapon_Item.cs
  artifactKey: Guid(0e57158496e394c7c851bab099762622) Importer(815301076,1909f56bfc062723c751e8b465ee728b)
Start importing Assets/Scripts/ScriptableObjects/Items/ItemSO_Scripts/Projectile_Weapon_Item.cs using Guid(0e57158496e394c7c851bab099762622) Importer(815301076,1909f56bfc062723c751e8b465ee728b)  -> (artifact id: '78369f3e0cf6a918e9450ce76eea9e9c') in 2.425344 seconds
  Import took 2.435629 seconds .

========================================================================
Received Import Request.
  Time since last request: 20.215740 seconds.
  path: Assets/Scripts/GeneralGameScripts/CallOutAssist.cs
  artifactKey: Guid(25628a7f49e9946f7b150193b8f01fce) Importer(815301076,1909f56bfc062723c751e8b465ee728b)
Start importing Assets/Scripts/GeneralGameScripts/CallOutAssist.cs using Guid(25628a7f49e9946f7b150193b8f01fce) Importer(815301076,1909f56bfc062723c751e8b465ee728b)  -> (artifact id: '3f36ced2512f57009de342dd0b719f75') in 0.002733 seconds
  Import took 0.009990 seconds .

========================================================================
Received Import Request.
  Time since last request: 232.572725 seconds.
  path: Assets/ItemPrefabs/FoodItems/CandyBar.prefab
  artifactKey: Guid(e71291878bf294bfeb4bc02261ac2a48) Importer(815301076,1909f56bfc062723c751e8b465ee728b)
Start importing Assets/ItemPrefabs/FoodItems/CandyBar.prefab using Guid(e71291878bf294bfeb4bc02261ac2a48) Importer(815301076,1909f56bfc062723c751e8b465ee728b)  -> (artifact id: '2d5d183a5fd7d11658567e274667b4c4') in 0.064422 seconds
  Import took 0.070102 seconds .

========================================================================
Received Import Request.
  Time since last request: 41.308827 seconds.
  path: Assets/ItemPrefabs/ProjectileWeapons/Pistol.prefab
  artifactKey: Guid(03302728c879940e3ba2368418af5fd5) Importer(815301076,1909f56bfc062723c751e8b465ee728b)
Start importing Assets/ItemPrefabs/ProjectileWeapons/Pistol.prefab using Guid(03302728c879940e3ba2368418af5fd5) Importer(815301076,1909f56bfc062723c751e8b465ee728b)  -> (artifact id: 'fe392839495f1f312795f5994422554f') in 0.037988 seconds
  Import took 0.046771 seconds .

========================================================================
Received Import Request.
  Time since last request: 0.001237 seconds.
  path: Assets/ItemPrefabs/ProjectileWeapons/Pistol.prefab
  artifactKey: Guid(03302728c879940e3ba2368418af5fd5) Importer(815301076,1909f56bfc062723c751e8b465ee728b)
Start importing Assets/ItemPrefabs/ProjectileWeapons/Pistol.prefab using Guid(03302728c879940e3ba2368418af5fd5) Importer(815301076,1909f56bfc062723c751e8b465ee728b)  -> (artifact id: 'fe392839495f1f312795f5994422554f') in 0.008983 seconds
  Import took 0.016247 seconds .

========================================================================
Received Import Request.
  Time since last request: 12.747299 seconds.
  path: Assets/ItemPrefabs/ProjectileWeapons/Pistol.prefab
  artifactKey: Guid(03302728c879940e3ba2368418af5fd5) Importer(815301076,1909f56bfc062723c751e8b465ee728b)
Start importing Assets/ItemPrefabs/ProjectileWeapons/Pistol.prefab using Guid(03302728c879940e3ba2368418af5fd5) Importer(815301076,1909f56bfc062723c751e8b465ee728b)  -> (artifact id: '5a5f3e6a744b3f7bd7de5a88bfc6b66a') in 0.010575 seconds
  Import took 0.019989 seconds .

========================================================================
Received Import Request.
  Time since last request: 2.225525 seconds.
  path: Assets/ItemPrefabs/ProjectileWeapons/Pistol.prefab
  artifactKey: Guid(03302728c879940e3ba2368418af5fd5) Importer(815301076,1909f56bfc062723c751e8b465ee728b)
Start importing Assets/ItemPrefabs/ProjectileWeapons/Pistol.prefab using Guid(03302728c879940e3ba2368418af5fd5) Importer(815301076,1909f56bfc062723c751e8b465ee728b)  -> (artifact id: '117d9715060c62d376fe8ffc11c45a4c') in 0.009438 seconds
  Import took 0.019480 seconds .

========================================================================
Received Import Request.
  Time since last request: 3.036661 seconds.
  path: Assets/ItemPrefabs/ProjectileWeapons/Pistol.prefab
  artifactKey: Guid(03302728c879940e3ba2368418af5fd5) Importer(815301076,1909f56bfc062723c751e8b465ee728b)
Start importing Assets/ItemPrefabs/ProjectileWeapons/Pistol.prefab using Guid(03302728c879940e3ba2368418af5fd5) Importer(815301076,1909f56bfc062723c751e8b465ee728b)  -> (artifact id: '14eccabe30f7d6d8bd60264cb4c54359') in 0.010397 seconds
  Import took 0.019093 seconds .

========================================================================
Received Import Request.
  Time since last request: 11.685819 seconds.
  path: Assets/ItemPrefabs/FoodItems/CandyBar.prefab
  artifactKey: Guid(e71291878bf294bfeb4bc02261ac2a48) Importer(815301076,1909f56bfc062723c751e8b465ee728b)
Start importing Assets/ItemPrefabs/FoodItems/CandyBar.prefab using Guid(e71291878bf294bfeb4bc02261ac2a48) Importer(815301076,1909f56bfc062723c751e8b465ee728b)  -> (artifact id: '5d412adaaa36694cee408aa5ac0d4960') in 0.010209 seconds
  Import took 0.019344 seconds .

========================================================================
Received Import Request.
  Time since last request: 18.276445 seconds.
  path: Assets/ItemPrefabs/BluntWeapons/Wrench.prefab
  artifactKey: Guid(2dad06e909c9045d380488b0db022e49) Importer(815301076,1909f56bfc062723c751e8b465ee728b)
Start importing Assets/ItemPrefabs/BluntWeapons/Wrench.prefab using Guid(2dad06e909c9045d380488b0db022e49) Importer(815301076,1909f56bfc062723c751e8b465ee728b)  -> (artifact id: '04ac7b3bd7549adb49ecdb252b9c1774') in 0.023429 seconds
  Import took 0.032213 seconds .

========================================================================
Received Import Request.
  Time since last request: 1.003810 seconds.
  path: Assets/ItemPrefabs/BluntWeapons/Wrench.prefab
  artifactKey: Guid(2dad06e909c9045d380488b0db022e49) Importer(815301076,1909f56bfc062723c751e8b465ee728b)
Start importing Assets/ItemPrefabs/BluntWeapons/Wrench.prefab using Guid(2dad06e909c9045d380488b0db022e49) Importer(815301076,1909f56bfc062723c751e8b465ee728b)  -> (artifact id: 'b6905f329eb19665007a3f5347492690') in 0.008927 seconds
  Import took 0.018502 seconds .

========================================================================
Received Import Request.
  Time since last request: 1.005858 seconds.
  path: Assets/ItemPrefabs/BluntWeapons/Wrench.prefab
  artifactKey: Guid(2dad06e909c9045d380488b0db022e49) Importer(815301076,1909f56bfc062723c751e8b465ee728b)
Start importing Assets/ItemPrefabs/BluntWeapons/Wrench.prefab using Guid(2dad06e909c9045d380488b0db022e49) Importer(815301076,1909f56bfc062723c751e8b465ee728b)  -> (artifact id: '61a738f6d3ac76631b6798253e3b3548') in 0.009066 seconds
  Import took 0.018239 seconds .

========================================================================
Received Import Request.
  Time since last request: 4.717321 seconds.
  path: Assets/ItemPrefabs/BluntWeapons/Wrench.prefab
  artifactKey: Guid(2dad06e909c9045d380488b0db022e49) Importer(815301076,1909f56bfc062723c751e8b465ee728b)
Start importing Assets/ItemPrefabs/BluntWeapons/Wrench.prefab using Guid(2dad06e909c9045d380488b0db022e49) Importer(815301076,1909f56bfc062723c751e8b465ee728b)  -> (artifact id: '46ca84e28e1eac013ca571548e3ede7e') in 0.009687 seconds
  Import took 0.017049 seconds .

========================================================================
Received Prepare
Registering precompiled user dll's ...
Registered in 0.157372 seconds.
Begin MonoManager ReloadAssembly
Native extension for Lumin target not found
Native extension for WindowsStandalone target not found
Native extension for OSXStandalone target not found
Native extension for WebGL target not found
Refreshing native plugins compatible for Editor in 0.63 ms, found 2 plugins.
Preloading 0 native plugins for Editor in 0.00 ms.
Invoked RoslynAnalysisRunner static constructor.
RoslynAnalysisRunner will not be running.
RoslynAnalysisRunner has terminated.
Mono: successfully reloaded assembly
- Completed reload, in  2.359 seconds
Platform modules already initialized, skipping
Shader 'Universal Render Pipeline/Particles/Lit': fallback shader 'Universal Render Pipeline/Particles/SimpleLit' not found
Refreshing native plugins compatible for Editor in 0.62 ms, found 2 plugins.
Preloading 0 native plugins for Editor in 0.00 ms.
Unloading 2969 Unused Serialized files (Serialized files now loaded: 0)
System memory in use before: 222.0 MB.
System memory in use after: 222.1 MB.

Unloading 23 unused Assets to reduce memory usage. Loaded Objects now: 3532.
Total: 2.628195 ms (FindLiveObjects: 0.496287 ms CreateObjectMapping: 0.146249 ms MarkObjects: 1.883086 ms  DeleteObjects: 0.101652 ms)

========================================================================
Received Prepare
Registering precompiled user dll's ...
Registered in 0.115501 seconds.
Begin MonoManager ReloadAssembly
Native extension for Lumin target not found
Native extension for WindowsStandalone target not found
Native extension for OSXStandalone target not found
Native extension for WebGL target not found
Refreshing native plugins compatible for Editor in 0.74 ms, found 2 plugins.
Preloading 0 native plugins for Editor in 0.00 ms.
Invoked RoslynAnalysisRunner static constructor.
RoslynAnalysisRunner will not be running.
RoslynAnalysisRunner has terminated.
Mono: successfully reloaded assembly
- Completed reload, in  2.009 seconds
Platform modules already initialized, skipping
Script is not up to date after domain reload: guid(ebd3c0d95a60f40c18832d155e11ad5d) path("Assets/Scripts/ScriptableObjects/Items/ItemLists.cs") state(2)
Shader 'Universal Render Pipeline/Particles/Lit': fallback shader 'Universal Render Pipeline/Particles/SimpleLit' not found
Refreshing native plugins compatible for Editor in 0.62 ms, found 2 plugins.
Preloading 0 native plugins for Editor in 0.00 ms.
Unloading 2969 Unused Serialized files (Serialized files now loaded: 0)
System memory in use before: 222.2 MB.
System memory in use after: 222.3 MB.

Unloading 23 unused Assets to reduce memory usage. Loaded Objects now: 3535.
Total: 2.386309 ms (FindLiveObjects: 0.303500 ms CreateObjectMapping: 0.141262 ms MarkObjects: 1.847558 ms  DeleteObjects: 0.092988 ms)

========================================================================
Received Prepare
Registering precompiled user dll's ...
Registered in 0.415273 seconds.
Begin MonoManager ReloadAssembly
Native extension for Lumin target not found
Native extension for WindowsStandalone target not found
Native extension for OSXStandalone target not found
Native extension for WebGL target not found
Refreshing native plugins compatible for Editor in 0.65 ms, found 2 plugins.
Preloading 0 native plugins for Editor in 0.00 ms.
Invoked RoslynAnalysisRunner static constructor.
RoslynAnalysisRunner will not be running.
RoslynAnalysisRunner has terminated.
Mono: successfully reloaded assembly
- Completed reload, in  4.636 seconds
Platform modules already initialized, skipping
Shader 'Universal Render Pipeline/Particles/Lit': fallback shader 'Universal Render Pipeline/Particles/SimpleLit' not found
Refreshing native plugins compatible for Editor in 0.61 ms, found 2 plugins.
Preloading 0 native plugins for Editor in 0.00 ms.
Unloading 2970 Unused Serialized files (Serialized files now loaded: 0)
System memory in use before: 222.5 MB.
System memory in use after: 222.6 MB.

Unloading 23 unused Assets to reduce memory usage. Loaded Objects now: 3539.
Total: 2.488230 ms (FindLiveObjects: 0.329553 ms CreateObjectMapping: 0.223222 ms MarkObjects: 1.837298 ms  DeleteObjects: 0.097009 ms)

========================================================================
Received Prepare
Registering precompiled user dll's ...
Registered in 0.086174 seconds.
Begin MonoManager ReloadAssembly
Native extension for Lumin target not found
Native extension for WindowsStandalone target not found
Native extension for OSXStandalone target not found
Native extension for WebGL target not found
Refreshing native plugins compatible for Editor in 1.00 ms, found 2 plugins.
Preloading 0 native plugins for Editor in 0.00 ms.
Invoked RoslynAnalysisRunner static constructor.
RoslynAnalysisRunner will not be running.
RoslynAnalysisRunner has terminated.
Mono: successfully reloaded assembly
- Completed reload, in  1.946 seconds
Platform modules already initialized, skipping
Shader 'Universal Render Pipeline/Particles/Lit': fallback shader 'Universal Render Pipeline/Particles/SimpleLit' not found
Refreshing native plugins compatible for Editor in 0.68 ms, found 2 plugins.
Preloading 0 native plugins for Editor in 0.00 ms.
Unloading 2970 Unused Serialized files (Serialized files now loaded: 0)
System memory in use before: 222.7 MB.
System memory in use after: 222.8 MB.

Unloading 23 unused Assets to reduce memory usage. Loaded Objects now: 3542.
Total: 2.756481 ms (FindLiveObjects: 0.385097 ms CreateObjectMapping: 0.180663 ms MarkObjects: 2.091891 ms  DeleteObjects: 0.097333 ms)

