Using pre-set license

 COMMAND LINE ARGUMENTS:
/Applications/Unity/Hub/Editor/2020.2.4f1/Unity.app/Contents/MacOS/Unity
-adb2
-batchMode
-noUpm
-name
AssetImportWorker3
-projectPath
/Users/williammcbride/Desktop/QUSpring2021/GDD411/InnerCityBrawler/Inner-City-Brawlers-GitPage/Inner City Brawlers
-logFile
Logs/AssetImportWorker3.log
-srvPort
49526
Successfully changed project path to: /Users/williammcbride/Desktop/QUSpring2021/GDD411/InnerCityBrawler/Inner-City-Brawlers-GitPage/Inner City Brawlers
/Users/williammcbride/Desktop/QUSpring2021/GDD411/InnerCityBrawler/Inner-City-Brawlers-GitPage/Inner City Brawlers
Using Asset Import Pipeline V2.
Refreshing native plugins compatible for Editor in 70.25 ms, found 2 plugins.
Preloading 0 native plugins for Editor in 0.00 ms.
Initialize engine version: 2020.2.4f1 (becced5a802b)
[Subsystems] Discovering subsystems at path /Applications/Unity/Hub/Editor/2020.2.4f1/Unity.app/Contents/Resources/UnitySubsystems
[Subsystems] Discovering subsystems at path /Users/williammcbride/Desktop/QUSpring2021/GDD411/InnerCityBrawler/Inner-City-Brawlers-GitPage/Inner City Brawlers/Assets
GfxDevice: creating device client; threaded=0
2021-04-25 15:18:44.663 Unity[74915:15730061] iMac preferred device: AMD Radeon Pro 570 (high power)
2021-04-25 15:18:44.663 Unity[74915:15730061] Metal devices available: 1
2021-04-25 15:18:44.663 Unity[74915:15730061] 0: AMD Radeon Pro 570 (high power)
2021-04-25 15:18:44.664 Unity[74915:15730061] Using device AMD Radeon Pro 570 (high power)
Initializing Metal device caps: AMD Radeon Pro 570
Shader 'Universal Render Pipeline/Particles/Lit': fallback shader 'Universal Render Pipeline/Particles/SimpleLit' not found
Initialize mono
Mono path[0] = '/Applications/Unity/Hub/Editor/2020.2.4f1/Unity.app/Contents/Managed'
Mono path[1] = '/Applications/Unity/Hub/Editor/2020.2.4f1/Unity.app/Contents/MonoBleedingEdge/lib/mono/unityjit'
Mono config path = '/Applications/Unity/Hub/Editor/2020.2.4f1/Unity.app/Contents/MonoBleedingEdge/etc'
Using monoOptions --debugger-agent=transport=dt_socket,embedding=1,server=y,suspend=n,address=127.0.0.1:56915
Begin MonoManager ReloadAssembly
Registering precompiled unity dll's ...
Register platform support module: /Applications/Unity/Hub/Editor/2020.2.4f1/PlaybackEngines/WebGLSupport/UnityEditor.WebGL.Extensions.dll
Register platform support module: /Applications/Unity/Hub/Editor/2020.2.4f1/Unity.app/Contents/PlaybackEngines/MacStandaloneSupport/UnityEditor.OSXStandalone.Extensions.dll
Register platform support module: /Applications/Unity/Hub/Editor/2020.2.4f1/PlaybackEngines/WindowsStandaloneSupport/UnityEditor.WindowsStandalone.Extensions.dll
Register platform support module: /Applications/Unity/Hub/Editor/2020.2.4f1/PlaybackEngines/LuminSupport/UnityEditor.Lumin.Extensions.dll
Registered in 0.000921 seconds.
Native extension for Lumin target not found
Native extension for WindowsStandalone target not found
Native extension for OSXStandalone target not found
Native extension for WebGL target not found
Refreshing native plugins compatible for Editor in 65.77 ms, found 2 plugins.
Preloading 0 native plugins for Editor in 0.00 ms.
Invoked RoslynAnalysisRunner static constructor.
RoslynAnalysisRunner will not be running.
RoslynAnalysisRunner has terminated.
Mono: successfully reloaded assembly
- Completed reload, in  2.080 seconds
Platform modules already initialized, skipping
Registering precompiled user dll's ...
Registered in 0.003157 seconds.
Begin MonoManager ReloadAssembly
Native extension for Lumin target not found
Native extension for WindowsStandalone target not found
Native extension for OSXStandalone target not found
Native extension for WebGL target not found
Refreshing native plugins compatible for Editor in 67.14 ms, found 2 plugins.
Preloading 0 native plugins for Editor in 0.00 ms.
Invoked RoslynAnalysisRunner static constructor.
RoslynAnalysisRunner will not be running.
RoslynAnalysisRunner has terminated.
Mono: successfully reloaded assembly
- Completed reload, in  1.967 seconds
Platform modules already initialized, skipping
========================================================================
Worker process is ready to serve import requests
Shader 'Universal Render Pipeline/Particles/Lit': fallback shader 'Universal Render Pipeline/Particles/SimpleLit' not found
Launching external process: /Applications/Unity/Hub/Editor/2020.2.4f1/Unity.app/Contents/Tools/UnityShaderCompiler
Launched and connected shader compiler UnityShaderCompiler after 0.02 seconds
Refreshing native plugins compatible for Editor in 0.77 ms, found 2 plugins.
Preloading 0 native plugins for Editor in 0.00 ms.
Unloading 3081 Unused Serialized files (Serialized files now loaded: 0)
System memory in use before: 217.3 MB.
System memory in use after: 217.5 MB.

Unloading 37 unused Assets to reduce memory usage. Loaded Objects now: 3617.
Total: 91.877211 ms (FindLiveObjects: 0.470641 ms CreateObjectMapping: 0.166026 ms MarkObjects: 91.150000 ms  DeleteObjects: 0.088679 ms)

========================================================================
Received Import Request.
  path: Assets/Scripts/CharacterScripts/GeneralScripts/WeaponPickups
  artifactKey: Guid(cb38c98e52ba84feead5f01f60743666) Importer(815301076,1909f56bfc062723c751e8b465ee728b)
Start importing Assets/Scripts/CharacterScripts/GeneralScripts/WeaponPickups using Guid(cb38c98e52ba84feead5f01f60743666) Importer(815301076,1909f56bfc062723c751e8b465ee728b)  -> (artifact id: '303c39683cf7e77499a4cc4afa56ceec') in 0.005780 seconds
  Import took 0.010523 seconds .

========================================================================
Received Import Request.
  Time since last request: 13.917977 seconds.
  path: Assets/Scripts/CharacterScripts/GeneralScripts/WeaponPickups/Bweap_Timer.cs
  artifactKey: Guid(8c1dadc81a702452b96bed06778c5983) Importer(815301076,1909f56bfc062723c751e8b465ee728b)
Start importing Assets/Scripts/CharacterScripts/GeneralScripts/WeaponPickups/Bweap_Timer.cs using Guid(8c1dadc81a702452b96bed06778c5983) Importer(815301076,1909f56bfc062723c751e8b465ee728b)  -> (artifact id: 'c90a15e7dbb3257b1efcab7a15471372') in 5.965092 seconds
  Import took 5.989336 seconds .

========================================================================
Received Prepare
Registering precompiled user dll's ...
Registered in 0.110254 seconds.
Begin MonoManager ReloadAssembly
Native extension for Lumin target not found
Native extension for WindowsStandalone target not found
Native extension for OSXStandalone target not found
Native extension for WebGL target not found
Refreshing native plugins compatible for Editor in 0.72 ms, found 2 plugins.
Preloading 0 native plugins for Editor in 0.00 ms.
Invoked RoslynAnalysisRunner static constructor.
RoslynAnalysisRunner will not be running.
RoslynAnalysisRunner has terminated.
Mono: successfully reloaded assembly
- Completed reload, in  1.943 seconds
Platform modules already initialized, skipping
Shader 'Universal Render Pipeline/Particles/Lit': fallback shader 'Universal Render Pipeline/Particles/SimpleLit' not found
Refreshing native plugins compatible for Editor in 0.84 ms, found 2 plugins.
Preloading 0 native plugins for Editor in 0.00 ms.
Unloading 3002 Unused Serialized files (Serialized files now loaded: 0)
System memory in use before: 215.9 MB.
System memory in use after: 216.2 MB.

Unloading 25 unused Assets to reduce memory usage. Loaded Objects now: 3621.
Total: 3.285089 ms (FindLiveObjects: 0.355701 ms CreateObjectMapping: 0.163323 ms MarkObjects: 2.736216 ms  DeleteObjects: 0.027110 ms)

========================================================================
Received Import Request.
  Time since last request: 55.178875 seconds.
  path: Assets/BlackGardenStudios/HitboxStudioPro
  artifactKey: Guid(a28a7db5b1e028048b3f2a2afa247233) Importer(815301076,1909f56bfc062723c751e8b465ee728b)
Start importing Assets/BlackGardenStudios/HitboxStudioPro using Guid(a28a7db5b1e028048b3f2a2afa247233) Importer(815301076,1909f56bfc062723c751e8b465ee728b)  -> (artifact id: 'd1007644de9309b8a28657d42a049769') in 0.005518 seconds
  Import took 0.010408 seconds .

========================================================================
Received Prepare
Registering precompiled user dll's ...
Registered in 0.265273 seconds.
Begin MonoManager ReloadAssembly
Native extension for Lumin target not found
Native extension for WindowsStandalone target not found
Native extension for OSXStandalone target not found
Native extension for WebGL target not found
Refreshing native plugins compatible for Editor in 0.80 ms, found 2 plugins.
Preloading 0 native plugins for Editor in 0.00 ms.
Invoked RoslynAnalysisRunner static constructor.
RoslynAnalysisRunner will not be running.
RoslynAnalysisRunner has terminated.
Mono: successfully reloaded assembly
- Completed reload, in  1.776 seconds
Platform modules already initialized, skipping
Shader 'Universal Render Pipeline/Particles/Lit': fallback shader 'Universal Render Pipeline/Particles/SimpleLit' not found
Refreshing native plugins compatible for Editor in 0.88 ms, found 2 plugins.
Preloading 0 native plugins for Editor in 0.00 ms.
Unloading 3002 Unused Serialized files (Serialized files now loaded: 0)
System memory in use before: 216.2 MB.
System memory in use after: 216.4 MB.

Unloading 25 unused Assets to reduce memory usage. Loaded Objects now: 3624.
Total: 2.528245 ms (FindLiveObjects: 0.441922 ms CreateObjectMapping: 0.141356 ms MarkObjects: 1.910380 ms  DeleteObjects: 0.033698 ms)

========================================================================
Received Import Request.
  Time since last request: 474.766504 seconds.
  path: Assets/Scripts/ScriptableObjects/Items/ItemFunctions/B_WeaponFunction.cs
  artifactKey: Guid(2bbe6d4f6efaf42f69991ccff54cbc9d) Importer(815301076,1909f56bfc062723c751e8b465ee728b)
Start importing Assets/Scripts/ScriptableObjects/Items/ItemFunctions/B_WeaponFunction.cs using Guid(2bbe6d4f6efaf42f69991ccff54cbc9d) Importer(815301076,1909f56bfc062723c751e8b465ee728b)  -> (artifact id: '811195e0a5b5473851499755c2abded4') in 0.011623 seconds
  Import took 0.016544 seconds .

========================================================================
Received Import Request.
  Time since last request: 0.000282 seconds.
  path: Assets/Scripts/ScriptableObjects/Items/ItemFunctions
  artifactKey: Guid(1dba1d61812b2480ea5225be65992ee2) Importer(815301076,1909f56bfc062723c751e8b465ee728b)
Start importing Assets/Scripts/ScriptableObjects/Items/ItemFunctions using Guid(1dba1d61812b2480ea5225be65992ee2) Importer(815301076,1909f56bfc062723c751e8b465ee728b)  -> (artifact id: 'daa359eb4d3c24bfd85c9688b711db95') in 0.001563 seconds
  Import took 0.006145 seconds .

========================================================================
Received Import Request.
  Time since last request: 6.477938 seconds.
  path: Assets/Scripts/ScriptableObjects/Items/ItemFunctions/Food_Function.cs
  artifactKey: Guid(0636dff6096bb441d97376240cfe4ceb) Importer(815301076,1909f56bfc062723c751e8b465ee728b)
Start importing Assets/Scripts/ScriptableObjects/Items/ItemFunctions/Food_Function.cs using Guid(0636dff6096bb441d97376240cfe4ceb) Importer(815301076,1909f56bfc062723c751e8b465ee728b)  -> (artifact id: '7675566401201aec251d8eba793efbc2') in 0.004741 seconds
  Import took 0.010091 seconds .

========================================================================
Received Import Request.
  Time since last request: 0.002186 seconds.
  path: Assets/Scripts/ScriptableObjects/Items/ItemFunctions/Food_Function.cs
  artifactKey: Guid(0636dff6096bb441d97376240cfe4ceb) Importer(815301076,1909f56bfc062723c751e8b465ee728b)
Start importing Assets/Scripts/ScriptableObjects/Items/ItemFunctions/Food_Function.cs using Guid(0636dff6096bb441d97376240cfe4ceb) Importer(815301076,1909f56bfc062723c751e8b465ee728b)  -> (artifact id: '7675566401201aec251d8eba793efbc2') in 0.002035 seconds
  Import took 0.007956 seconds .

========================================================================
Received Prepare
Registering precompiled user dll's ...
Registered in 0.126323 seconds.
Begin MonoManager ReloadAssembly
Native extension for Lumin target not found
Native extension for WindowsStandalone target not found
Native extension for OSXStandalone target not found
Native extension for WebGL target not found
Refreshing native plugins compatible for Editor in 0.73 ms, found 2 plugins.
Preloading 0 native plugins for Editor in 0.00 ms.
Invoked RoslynAnalysisRunner static constructor.
RoslynAnalysisRunner will not be running.
RoslynAnalysisRunner has terminated.
Mono: successfully reloaded assembly
- Completed reload, in  1.868 seconds
Platform modules already initialized, skipping
Shader 'Universal Render Pipeline/Particles/Lit': fallback shader 'Universal Render Pipeline/Particles/SimpleLit' not found
Refreshing native plugins compatible for Editor in 1.12 ms, found 2 plugins.
Preloading 0 native plugins for Editor in 0.00 ms.
Unloading 3002 Unused Serialized files (Serialized files now loaded: 0)
System memory in use before: 216.4 MB.
System memory in use after: 216.7 MB.

Unloading 25 unused Assets to reduce memory usage. Loaded Objects now: 3627.
Total: 3.011800 ms (FindLiveObjects: 0.347333 ms CreateObjectMapping: 0.138070 ms MarkObjects: 2.504551 ms  DeleteObjects: 0.020690 ms)

========================================================================
Received Prepare
Registering precompiled user dll's ...
Registered in 0.172518 seconds.
Begin MonoManager ReloadAssembly
Native extension for Lumin target not found
Native extension for WindowsStandalone target not found
Native extension for OSXStandalone target not found
Native extension for WebGL target not found
Refreshing native plugins compatible for Editor in 0.72 ms, found 2 plugins.
Preloading 0 native plugins for Editor in 0.00 ms.
Invoked RoslynAnalysisRunner static constructor.
RoslynAnalysisRunner will not be running.
RoslynAnalysisRunner has terminated.
Mono: successfully reloaded assembly
- Completed reload, in  1.474 seconds
Platform modules already initialized, skipping
Shader 'Universal Render Pipeline/Particles/Lit': fallback shader 'Universal Render Pipeline/Particles/SimpleLit' not found
Refreshing native plugins compatible for Editor in 0.82 ms, found 2 plugins.
Preloading 0 native plugins for Editor in 0.00 ms.
Unloading 3002 Unused Serialized files (Serialized files now loaded: 0)
System memory in use before: 216.7 MB.
System memory in use after: 216.9 MB.

Unloading 25 unused Assets to reduce memory usage. Loaded Objects now: 3630.
Total: 2.406948 ms (FindLiveObjects: 0.354362 ms CreateObjectMapping: 0.127674 ms MarkObjects: 1.898118 ms  DeleteObjects: 0.025830 ms)

========================================================================
Received Prepare
Registering precompiled user dll's ...
Registered in 0.261461 seconds.
Begin MonoManager ReloadAssembly
Native extension for Lumin target not found
Native extension for WindowsStandalone target not found
Native extension for OSXStandalone target not found
Native extension for WebGL target not found
Refreshing native plugins compatible for Editor in 0.73 ms, found 2 plugins.
Preloading 0 native plugins for Editor in 0.00 ms.
Invoked RoslynAnalysisRunner static constructor.
RoslynAnalysisRunner will not be running.
RoslynAnalysisRunner has terminated.
Mono: successfully reloaded assembly
- Completed reload, in  1.759 seconds
Platform modules already initialized, skipping
Shader 'Universal Render Pipeline/Particles/Lit': fallback shader 'Universal Render Pipeline/Particles/SimpleLit' not found
Refreshing native plugins compatible for Editor in 0.71 ms, found 2 plugins.
Preloading 0 native plugins for Editor in 0.00 ms.
Unloading 3002 Unused Serialized files (Serialized files now loaded: 0)
System memory in use before: 216.9 MB.
System memory in use after: 217.1 MB.

Unloading 25 unused Assets to reduce memory usage. Loaded Objects now: 3633.
Total: 2.532060 ms (FindLiveObjects: 0.436268 ms CreateObjectMapping: 0.137117 ms MarkObjects: 1.939671 ms  DeleteObjects: 0.018122 ms)

========================================================================
Received Import Request.
  Time since last request: 1028.114441 seconds.
  path: Assets/Scripts/CharacterScripts/GeneralScripts/WeaponPickups/Pweap_Timer.cs
  artifactKey: Guid(02deeac5ed18749ba8d63549b9ca6ab7) Importer(815301076,1909f56bfc062723c751e8b465ee728b)
Start importing Assets/Scripts/CharacterScripts/GeneralScripts/WeaponPickups/Pweap_Timer.cs using Guid(02deeac5ed18749ba8d63549b9ca6ab7) Importer(815301076,1909f56bfc062723c751e8b465ee728b)  -> (artifact id: '2ce8147cfd3fcf180b18fe83e8e92c43') in 0.017417 seconds
  Import took 0.024333 seconds .

========================================================================
Received Prepare
Registering precompiled user dll's ...
Registered in 0.186679 seconds.
Begin MonoManager ReloadAssembly
Native extension for Lumin target not found
Native extension for WindowsStandalone target not found
Native extension for OSXStandalone target not found
Native extension for WebGL target not found
Refreshing native plugins compatible for Editor in 0.73 ms, found 2 plugins.
Preloading 0 native plugins for Editor in 0.00 ms.
Invoked RoslynAnalysisRunner static constructor.
RoslynAnalysisRunner will not be running.
RoslynAnalysisRunner has terminated.
Mono: successfully reloaded assembly
- Completed reload, in  1.775 seconds
Platform modules already initialized, skipping
Shader 'Universal Render Pipeline/Particles/Lit': fallback shader 'Universal Render Pipeline/Particles/SimpleLit' not found
Refreshing native plugins compatible for Editor in 0.72 ms, found 2 plugins.
Preloading 0 native plugins for Editor in 0.00 ms.
Unloading 3003 Unused Serialized files (Serialized files now loaded: 0)
System memory in use before: 217.1 MB.
System memory in use after: 217.4 MB.

Unloading 25 unused Assets to reduce memory usage. Loaded Objects now: 3637.
Total: 2.570440 ms (FindLiveObjects: 0.386030 ms CreateObjectMapping: 0.138109 ms MarkObjects: 2.012934 ms  DeleteObjects: 0.032488 ms)

========================================================================
Received Prepare
Registering precompiled user dll's ...
Registered in 0.146973 seconds.
Begin MonoManager ReloadAssembly
Native extension for Lumin target not found
Native extension for WindowsStandalone target not found
Native extension for OSXStandalone target not found
Native extension for WebGL target not found
Refreshing native plugins compatible for Editor in 0.83 ms, found 2 plugins.
Preloading 0 native plugins for Editor in 0.00 ms.
Invoked RoslynAnalysisRunner static constructor.
RoslynAnalysisRunner will not be running.
RoslynAnalysisRunner has terminated.
Mono: successfully reloaded assembly
- Completed reload, in  1.280 seconds
Platform modules already initialized, skipping
Shader 'Universal Render Pipeline/Particles/Lit': fallback shader 'Universal Render Pipeline/Particles/SimpleLit' not found
Refreshing native plugins compatible for Editor in 0.93 ms, found 2 plugins.
Preloading 0 native plugins for Editor in 0.00 ms.
Unloading 3003 Unused Serialized files (Serialized files now loaded: 0)
System memory in use before: 217.3 MB.
System memory in use after: 217.6 MB.

Unloading 25 unused Assets to reduce memory usage. Loaded Objects now: 3640.
Total: 2.628936 ms (FindLiveObjects: 0.409404 ms CreateObjectMapping: 0.183818 ms MarkObjects: 2.001722 ms  DeleteObjects: 0.032735 ms)

