Using pre-set license

 COMMAND LINE ARGUMENTS:
/Applications/Unity/Hub/Editor/2020.2.4f1/Unity.app/Contents/MacOS/Unity
-adb2
-batchMode
-noUpm
-name
AssetImportWorker2
-projectPath
/Users/williammcbride/Desktop/QUSpring2021/GDD411/InnerCityBrawler/Inner-City-Brawlers-GitPage/Inner City Brawlers
-logFile
Logs/AssetImportWorker2.log
-srvPort
50651
Successfully changed project path to: /Users/williammcbride/Desktop/QUSpring2021/GDD411/InnerCityBrawler/Inner-City-Brawlers-GitPage/Inner City Brawlers
/Users/williammcbride/Desktop/QUSpring2021/GDD411/InnerCityBrawler/Inner-City-Brawlers-GitPage/Inner City Brawlers
Using Asset Import Pipeline V2.
Refreshing native plugins compatible for Editor in 99.38 ms, found 2 plugins.
Preloading 0 native plugins for Editor in 0.00 ms.
Initialize engine version: 2020.2.4f1 (becced5a802b)
[Subsystems] Discovering subsystems at path /Applications/Unity/Hub/Editor/2020.2.4f1/Unity.app/Contents/Resources/UnitySubsystems
[Subsystems] Discovering subsystems at path /Users/williammcbride/Desktop/QUSpring2021/GDD411/InnerCityBrawler/Inner-City-Brawlers-GitPage/Inner City Brawlers/Assets
GfxDevice: creating device client; threaded=0
2021-02-22 14:57:35.503 Unity[78712:8623056] iMac preferred device: AMD Radeon Pro 570 (high power)
2021-02-22 14:57:35.503 Unity[78712:8623056] Metal devices available: 1
2021-02-22 14:57:35.503 Unity[78712:8623056] 0: AMD Radeon Pro 570 (high power)
2021-02-22 14:57:35.504 Unity[78712:8623056] Using device AMD Radeon Pro 570 (high power)
Initializing Metal device caps: AMD Radeon Pro 570
Shader 'Universal Render Pipeline/Particles/Lit': fallback shader 'Universal Render Pipeline/Particles/SimpleLit' not found
Initialize mono
Mono path[0] = '/Applications/Unity/Hub/Editor/2020.2.4f1/Unity.app/Contents/Managed'
Mono path[1] = '/Applications/Unity/Hub/Editor/2020.2.4f1/Unity.app/Contents/MonoBleedingEdge/lib/mono/unityjit'
Mono config path = '/Applications/Unity/Hub/Editor/2020.2.4f1/Unity.app/Contents/MonoBleedingEdge/etc'
Using monoOptions --debugger-agent=transport=dt_socket,embedding=1,server=y,suspend=n,address=127.0.0.1:56712
Begin MonoManager ReloadAssembly
Registering precompiled unity dll's ...
Register platform support module: /Applications/Unity/Hub/Editor/2020.2.4f1/PlaybackEngines/WebGLSupport/UnityEditor.WebGL.Extensions.dll
Register platform support module: /Applications/Unity/Hub/Editor/2020.2.4f1/Unity.app/Contents/PlaybackEngines/MacStandaloneSupport/UnityEditor.OSXStandalone.Extensions.dll
Register platform support module: /Applications/Unity/Hub/Editor/2020.2.4f1/PlaybackEngines/WindowsStandaloneSupport/UnityEditor.WindowsStandalone.Extensions.dll
Register platform support module: /Applications/Unity/Hub/Editor/2020.2.4f1/PlaybackEngines/LuminSupport/UnityEditor.Lumin.Extensions.dll
Registered in 0.190322 seconds.
Native extension for Lumin target not found
Native extension for WindowsStandalone target not found
Native extension for OSXStandalone target not found
Native extension for WebGL target not found
Refreshing native plugins compatible for Editor in 68.22 ms, found 2 plugins.
Preloading 0 native plugins for Editor in 0.00 ms.
Invoked RoslynAnalysisRunner static constructor.
RoslynAnalysisRunner will not be running.
RoslynAnalysisRunner has terminated.
Mono: successfully reloaded assembly
- Completed reload, in  3.208 seconds
Platform modules already initialized, skipping
Registering precompiled user dll's ...
Registered in 0.093334 seconds.
Begin MonoManager ReloadAssembly
Native extension for Lumin target not found
Native extension for WindowsStandalone target not found
Native extension for OSXStandalone target not found
Native extension for WebGL target not found
Refreshing native plugins compatible for Editor in 64.17 ms, found 2 plugins.
Preloading 0 native plugins for Editor in 0.00 ms.
Invoked RoslynAnalysisRunner static constructor.
RoslynAnalysisRunner will not be running.
RoslynAnalysisRunner has terminated.
Mono: successfully reloaded assembly
- Completed reload, in  3.682 seconds
Platform modules already initialized, skipping
========================================================================
Worker process is ready to serve import requests
Shader 'Universal Render Pipeline/Particles/Lit': fallback shader 'Universal Render Pipeline/Particles/SimpleLit' not found
Launching external process: /Applications/Unity/Hub/Editor/2020.2.4f1/Unity.app/Contents/Tools/UnityShaderCompiler
Launched and connected shader compiler UnityShaderCompiler after 0.07 seconds
Refreshing native plugins compatible for Editor in 0.61 ms, found 2 plugins.
Preloading 0 native plugins for Editor in 0.00 ms.
Unloading 3023 Unused Serialized files (Serialized files now loaded: 0)
System memory in use before: 209.6 MB.
System memory in use after: 209.7 MB.

Unloading 35 unused Assets to reduce memory usage. Loaded Objects now: 3515.
Total: 2.600768 ms (FindLiveObjects: 0.339241 ms CreateObjectMapping: 0.149259 ms MarkObjects: 1.980452 ms  DeleteObjects: 0.130543 ms)

========================================================================
Received Import Request.
  path: Assets/Scripts/ScriptableObjects
  artifactKey: Guid(981695c11df7e4e989a351b49e820721) Importer(815301076,1909f56bfc062723c751e8b465ee728b)
Start importing Assets/Scripts/ScriptableObjects using Guid(981695c11df7e4e989a351b49e820721) Importer(815301076,1909f56bfc062723c751e8b465ee728b)  -> (artifact id: '321d5ffc984958f8c542b1b99af2c114') in 0.048499 seconds
  Import took 0.053920 seconds .

========================================================================
Received Import Request.
  Time since last request: 4.841941 seconds.
  path: Assets/Scripts/ScriptableObjects/Items
  artifactKey: Guid(d9eb3324ed0ef48c1989211e8ffc0c86) Importer(815301076,1909f56bfc062723c751e8b465ee728b)
Start importing Assets/Scripts/ScriptableObjects/Items using Guid(d9eb3324ed0ef48c1989211e8ffc0c86) Importer(815301076,1909f56bfc062723c751e8b465ee728b)  -> (artifact id: '7b810c9bad18f65e025d98d90e54469a') in 0.002275 seconds
  Import took 0.009061 seconds .

========================================================================
Received Import Request.
  Time since last request: 15.264635 seconds.
  path: Assets/Scripts/ScriptableObjects/Items/New Folder
  artifactKey: Guid(bcdcb958b7d3240fbb8428249b99386f) Importer(815301076,1909f56bfc062723c751e8b465ee728b)
Start importing Assets/Scripts/ScriptableObjects/Items/New Folder using Guid(bcdcb958b7d3240fbb8428249b99386f) Importer(815301076,1909f56bfc062723c751e8b465ee728b)  -> (artifact id: '40c78650e11258e0e6df6d006c66a165') in 0.002527 seconds
  Import took 0.009930 seconds .

========================================================================
Received Import Request.
  Time since last request: 19.739034 seconds.
  path: Assets/Scripts/ScriptableObjects/Items/ItemScripts/itemObject.cs
  artifactKey: Guid(fa6cb3879e5054980b595c6e72f072cb) Importer(815301076,1909f56bfc062723c751e8b465ee728b)
Start importing Assets/Scripts/ScriptableObjects/Items/ItemScripts/itemObject.cs using Guid(fa6cb3879e5054980b595c6e72f072cb) Importer(815301076,1909f56bfc062723c751e8b465ee728b)  -> (artifact id: '522ba229a91a11fea97205019195e5f1') in 1.196197 seconds
  Import took 1.202742 seconds .

========================================================================
Received Prepare
Registering precompiled user dll's ...
Registered in 0.031911 seconds.
Begin MonoManager ReloadAssembly
Native extension for Lumin target not found
Native extension for WindowsStandalone target not found
Native extension for OSXStandalone target not found
Native extension for WebGL target not found
Refreshing native plugins compatible for Editor in 0.62 ms, found 2 plugins.
Preloading 0 native plugins for Editor in 0.00 ms.
Invoked RoslynAnalysisRunner static constructor.
RoslynAnalysisRunner will not be running.
RoslynAnalysisRunner has terminated.
Mono: successfully reloaded assembly
- Completed reload, in  1.487 seconds
Platform modules already initialized, skipping
Shader 'Universal Render Pipeline/Particles/Lit': fallback shader 'Universal Render Pipeline/Particles/SimpleLit' not found
Refreshing native plugins compatible for Editor in 0.79 ms, found 2 plugins.
Preloading 0 native plugins for Editor in 0.00 ms.
Unloading 2963 Unused Serialized files (Serialized files now loaded: 0)
System memory in use before: 209.7 MB.
System memory in use after: 209.9 MB.

Unloading 23 unused Assets to reduce memory usage. Loaded Objects now: 3519.
Total: 3.417317 ms (FindLiveObjects: 0.487528 ms CreateObjectMapping: 0.150341 ms MarkObjects: 2.627897 ms  DeleteObjects: 0.149618 ms)

========================================================================
Received Prepare
Registering precompiled user dll's ...
Registered in 0.036898 seconds.
Begin MonoManager ReloadAssembly
Native extension for Lumin target not found
Native extension for WindowsStandalone target not found
Native extension for OSXStandalone target not found
Native extension for WebGL target not found
Refreshing native plugins compatible for Editor in 0.81 ms, found 2 plugins.
Preloading 0 native plugins for Editor in 0.00 ms.
Invoked RoslynAnalysisRunner static constructor.
RoslynAnalysisRunner will not be running.
RoslynAnalysisRunner has terminated.
Mono: successfully reloaded assembly
- Completed reload, in  3.334 seconds
Platform modules already initialized, skipping
Shader 'Universal Render Pipeline/Particles/Lit': fallback shader 'Universal Render Pipeline/Particles/SimpleLit' not found
Refreshing native plugins compatible for Editor in 0.62 ms, found 2 plugins.
Preloading 0 native plugins for Editor in 0.00 ms.
Unloading 2963 Unused Serialized files (Serialized files now loaded: 0)
System memory in use before: 210.0 MB.
System memory in use after: 210.1 MB.

Unloading 23 unused Assets to reduce memory usage. Loaded Objects now: 3522.
Total: 2.428190 ms (FindLiveObjects: 0.333832 ms CreateObjectMapping: 0.133316 ms MarkObjects: 1.864090 ms  DeleteObjects: 0.095622 ms)

========================================================================
Received Import Request.
  Time since last request: 46.319925 seconds.
  path: Assets/Scripts/ScriptableObjects/Items/ItemScripts/itemObject.cs
  artifactKey: Guid(fa6cb3879e5054980b595c6e72f072cb) Importer(815301076,1909f56bfc062723c751e8b465ee728b)
Start importing Assets/Scripts/ScriptableObjects/Items/ItemScripts/itemObject.cs using Guid(fa6cb3879e5054980b595c6e72f072cb) Importer(815301076,1909f56bfc062723c751e8b465ee728b)  -> (artifact id: '1d56cfa8b7ea2a275bf2e1fc02d8f368') in 0.018894 seconds
  Import took 0.024228 seconds .

========================================================================
Received Prepare
Registering precompiled user dll's ...
Registered in 0.014826 seconds.
Begin MonoManager ReloadAssembly
Native extension for Lumin target not found
Native extension for WindowsStandalone target not found
Native extension for OSXStandalone target not found
Native extension for WebGL target not found
Refreshing native plugins compatible for Editor in 0.73 ms, found 2 plugins.
Preloading 0 native plugins for Editor in 0.00 ms.
Invoked RoslynAnalysisRunner static constructor.
RoslynAnalysisRunner will not be running.
RoslynAnalysisRunner has terminated.
Mono: successfully reloaded assembly
- Completed reload, in  2.305 seconds
Platform modules already initialized, skipping
Shader 'Universal Render Pipeline/Particles/Lit': fallback shader 'Universal Render Pipeline/Particles/SimpleLit' not found
Refreshing native plugins compatible for Editor in 0.62 ms, found 2 plugins.
Preloading 0 native plugins for Editor in 0.00 ms.
Unloading 2963 Unused Serialized files (Serialized files now loaded: 0)
System memory in use before: 210.2 MB.
System memory in use after: 210.4 MB.

Unloading 23 unused Assets to reduce memory usage. Loaded Objects now: 3525.
Total: 2.594736 ms (FindLiveObjects: 0.388146 ms CreateObjectMapping: 0.151118 ms MarkObjects: 1.952239 ms  DeleteObjects: 0.102367 ms)

========================================================================
Received Import Request.
  Time since last request: 241.665220 seconds.
  path: Assets/Scripts/ScriptableObjects/Items/ItemScripts/itemObject.cs
  artifactKey: Guid(fa6cb3879e5054980b595c6e72f072cb) Importer(815301076,1909f56bfc062723c751e8b465ee728b)
Start importing Assets/Scripts/ScriptableObjects/Items/ItemScripts/itemObject.cs using Guid(fa6cb3879e5054980b595c6e72f072cb) Importer(815301076,1909f56bfc062723c751e8b465ee728b)  -> (artifact id: '47956dfb5dd26ef59ca25d39220490c2') in 0.013868 seconds
  Import took 0.019242 seconds .

========================================================================
Received Import Request.
  Time since last request: 6.564333 seconds.
  path: Assets/Scripts/ScriptableObjects/Items/ItemScripts/Food_Item.cs
  artifactKey: Guid(7c946e5c9d4344a1198a911777d78da9) Importer(815301076,1909f56bfc062723c751e8b465ee728b)
Start importing Assets/Scripts/ScriptableObjects/Items/ItemScripts/Food_Item.cs using Guid(7c946e5c9d4344a1198a911777d78da9) Importer(815301076,1909f56bfc062723c751e8b465ee728b)  -> (artifact id: '195d41ea67bbc39933286324890de775') in 0.069487 seconds
  Import took 0.074864 seconds .

========================================================================
Received Prepare
Registering precompiled user dll's ...
Registered in 0.024255 seconds.
Begin MonoManager ReloadAssembly
Native extension for Lumin target not found
Native extension for WindowsStandalone target not found
Native extension for OSXStandalone target not found
Native extension for WebGL target not found
Refreshing native plugins compatible for Editor in 1.54 ms, found 2 plugins.
Preloading 0 native plugins for Editor in 0.00 ms.
Invoked RoslynAnalysisRunner static constructor.
RoslynAnalysisRunner will not be running.
RoslynAnalysisRunner has terminated.
Mono: successfully reloaded assembly
- Completed reload, in  1.665 seconds
Platform modules already initialized, skipping
Shader 'Universal Render Pipeline/Particles/Lit': fallback shader 'Universal Render Pipeline/Particles/SimpleLit' not found
Refreshing native plugins compatible for Editor in 0.86 ms, found 2 plugins.
Preloading 0 native plugins for Editor in 0.00 ms.
Unloading 2964 Unused Serialized files (Serialized files now loaded: 0)
System memory in use before: 210.5 MB.
System memory in use after: 210.6 MB.

Unloading 23 unused Assets to reduce memory usage. Loaded Objects now: 3529.
Total: 2.462791 ms (FindLiveObjects: 0.343229 ms CreateObjectMapping: 0.145131 ms MarkObjects: 1.873848 ms  DeleteObjects: 0.099081 ms)

========================================================================
Received Prepare
Registering precompiled user dll's ...
Registered in 0.039884 seconds.
Begin MonoManager ReloadAssembly
Native extension for Lumin target not found
Native extension for WindowsStandalone target not found
Native extension for OSXStandalone target not found
Native extension for WebGL target not found
Refreshing native plugins compatible for Editor in 3.16 ms, found 2 plugins.
Preloading 0 native plugins for Editor in 0.00 ms.
Invoked RoslynAnalysisRunner static constructor.
RoslynAnalysisRunner will not be running.
RoslynAnalysisRunner has terminated.
Mono: successfully reloaded assembly
- Completed reload, in  3.438 seconds
Platform modules already initialized, skipping
Shader 'Universal Render Pipeline/Particles/Lit': fallback shader 'Universal Render Pipeline/Particles/SimpleLit' not found
Refreshing native plugins compatible for Editor in 0.80 ms, found 2 plugins.
Preloading 0 native plugins for Editor in 0.00 ms.
Unloading 2964 Unused Serialized files (Serialized files now loaded: 0)
System memory in use before: 210.7 MB.
System memory in use after: 210.8 MB.

Unloading 23 unused Assets to reduce memory usage. Loaded Objects now: 3532.
Total: 3.355169 ms (FindLiveObjects: 0.424003 ms CreateObjectMapping: 0.268645 ms MarkObjects: 2.484937 ms  DeleteObjects: 0.176092 ms)

========================================================================
Received Import Request.
  Time since last request: 305.511515 seconds.
  path: Assets/Scripts/ScriptableObjects/Items/ItemScripts/Food_Item.cs
  artifactKey: Guid(7c946e5c9d4344a1198a911777d78da9) Importer(815301076,1909f56bfc062723c751e8b465ee728b)
Start importing Assets/Scripts/ScriptableObjects/Items/ItemScripts/Food_Item.cs using Guid(7c946e5c9d4344a1198a911777d78da9) Importer(815301076,1909f56bfc062723c751e8b465ee728b)  -> (artifact id: 'da8704db136f2614562e23ca601c6697') in 0.009177 seconds
  Import took 0.018968 seconds .

========================================================================
Received Prepare
Registering precompiled user dll's ...
Registered in 0.031828 seconds.
Begin MonoManager ReloadAssembly
Native extension for Lumin target not found
Native extension for WindowsStandalone target not found
Native extension for OSXStandalone target not found
Native extension for WebGL target not found
Refreshing native plugins compatible for Editor in 0.62 ms, found 2 plugins.
Preloading 0 native plugins for Editor in 0.00 ms.
Invoked RoslynAnalysisRunner static constructor.
RoslynAnalysisRunner will not be running.
RoslynAnalysisRunner has terminated.
Mono: successfully reloaded assembly
- Completed reload, in  1.211 seconds
Platform modules already initialized, skipping
Shader 'Universal Render Pipeline/Particles/Lit': fallback shader 'Universal Render Pipeline/Particles/SimpleLit' not found
Refreshing native plugins compatible for Editor in 0.73 ms, found 2 plugins.
Preloading 0 native plugins for Editor in 0.00 ms.
Unloading 2964 Unused Serialized files (Serialized files now loaded: 0)
System memory in use before: 210.9 MB.
System memory in use after: 211.0 MB.

Unloading 23 unused Assets to reduce memory usage. Loaded Objects now: 3535.
Total: 2.677307 ms (FindLiveObjects: 0.384132 ms CreateObjectMapping: 0.144982 ms MarkObjects: 2.047102 ms  DeleteObjects: 0.099640 ms)

========================================================================
Received Import Request.
  Time since last request: 155.187410 seconds.
  path: Assets/Scripts/ScriptableObjects/Items/ItemScripts/Food_Item.cs
  artifactKey: Guid(7c946e5c9d4344a1198a911777d78da9) Importer(815301076,1909f56bfc062723c751e8b465ee728b)
Start importing Assets/Scripts/ScriptableObjects/Items/ItemScripts/Food_Item.cs using Guid(7c946e5c9d4344a1198a911777d78da9) Importer(815301076,1909f56bfc062723c751e8b465ee728b)  -> (artifact id: 'df00543e508838027b15b491dd46777c') in 0.011175 seconds
  Import took 0.017006 seconds .

========================================================================
Received Import Request.
  Time since last request: 14.403324 seconds.
  path: Assets/Scripts/ScriptableObjects/Items/ItemScripts/Blunt_Weapon_Item.cs
  artifactKey: Guid(d9557c55797194083b28209daa1a9231) Importer(815301076,1909f56bfc062723c751e8b465ee728b)
Start importing Assets/Scripts/ScriptableObjects/Items/ItemScripts/Blunt_Weapon_Item.cs using Guid(d9557c55797194083b28209daa1a9231) Importer(815301076,1909f56bfc062723c751e8b465ee728b)  -> (artifact id: 'effb4fe07d98d7615e3f785c32d08a4f') in 0.082133 seconds
  Import took 0.088047 seconds .

========================================================================
Received Prepare
Registering precompiled user dll's ...
Registered in 0.029183 seconds.
Begin MonoManager ReloadAssembly
Native extension for Lumin target not found
Native extension for WindowsStandalone target not found
Native extension for OSXStandalone target not found
Native extension for WebGL target not found
Refreshing native plugins compatible for Editor in 0.63 ms, found 2 plugins.
Preloading 0 native plugins for Editor in 0.00 ms.
Invoked RoslynAnalysisRunner static constructor.
RoslynAnalysisRunner will not be running.
RoslynAnalysisRunner has terminated.
Mono: successfully reloaded assembly
- Completed reload, in  1.178 seconds
Platform modules already initialized, skipping
Shader 'Universal Render Pipeline/Particles/Lit': fallback shader 'Universal Render Pipeline/Particles/SimpleLit' not found
Refreshing native plugins compatible for Editor in 0.68 ms, found 2 plugins.
Preloading 0 native plugins for Editor in 0.00 ms.
Unloading 2965 Unused Serialized files (Serialized files now loaded: 0)
System memory in use before: 211.1 MB.
System memory in use after: 211.3 MB.

Unloading 23 unused Assets to reduce memory usage. Loaded Objects now: 3539.
Total: 2.309529 ms (FindLiveObjects: 0.318141 ms CreateObjectMapping: 0.121173 ms MarkObjects: 1.773554 ms  DeleteObjects: 0.095748 ms)

========================================================================
Received Import Request.
  Time since last request: 24.549482 seconds.
  path: Assets/Scripts/ScriptableObjects/Items/ItemScripts/Projectile_Weapon_Item.cs
  artifactKey: Guid(0e57158496e394c7c851bab099762622) Importer(815301076,1909f56bfc062723c751e8b465ee728b)
Start importing Assets/Scripts/ScriptableObjects/Items/ItemScripts/Projectile_Weapon_Item.cs using Guid(0e57158496e394c7c851bab099762622) Importer(815301076,1909f56bfc062723c751e8b465ee728b)  -> (artifact id: 'a76392846b5fa61e123edf2807f467d4') in 0.008163 seconds
  Import took 0.014550 seconds .

========================================================================
Received Prepare
Registering precompiled user dll's ...
Registered in 0.002241 seconds.
Begin MonoManager ReloadAssembly
Native extension for Lumin target not found
Native extension for WindowsStandalone target not found
Native extension for OSXStandalone target not found
Native extension for WebGL target not found
Refreshing native plugins compatible for Editor in 0.62 ms, found 2 plugins.
Preloading 0 native plugins for Editor in 0.00 ms.
Invoked RoslynAnalysisRunner static constructor.
RoslynAnalysisRunner will not be running.
RoslynAnalysisRunner has terminated.
Mono: successfully reloaded assembly
- Completed reload, in  1.196 seconds
Platform modules already initialized, skipping
Shader 'Universal Render Pipeline/Particles/Lit': fallback shader 'Universal Render Pipeline/Particles/SimpleLit' not found
Refreshing native plugins compatible for Editor in 0.65 ms, found 2 plugins.
Preloading 0 native plugins for Editor in 0.00 ms.
Unloading 2966 Unused Serialized files (Serialized files now loaded: 0)
System memory in use before: 211.4 MB.
System memory in use after: 211.5 MB.

Unloading 23 unused Assets to reduce memory usage. Loaded Objects now: 3543.
Total: 2.400010 ms (FindLiveObjects: 0.330991 ms CreateObjectMapping: 0.142244 ms MarkObjects: 1.829101 ms  DeleteObjects: 0.096795 ms)

========================================================================
Received Prepare
Registering precompiled user dll's ...
Registered in 0.022975 seconds.
Begin MonoManager ReloadAssembly
Native extension for Lumin target not found
Native extension for WindowsStandalone target not found
Native extension for OSXStandalone target not found
Native extension for WebGL target not found
Refreshing native plugins compatible for Editor in 0.87 ms, found 2 plugins.
Preloading 0 native plugins for Editor in 0.00 ms.
Invoked RoslynAnalysisRunner static constructor.
RoslynAnalysisRunner will not be running.
RoslynAnalysisRunner has terminated.
Mono: successfully reloaded assembly
- Completed reload, in  3.491 seconds
Platform modules already initialized, skipping
Shader 'Universal Render Pipeline/Particles/Lit': fallback shader 'Universal Render Pipeline/Particles/SimpleLit' not found
Refreshing native plugins compatible for Editor in 0.67 ms, found 2 plugins.
Preloading 0 native plugins for Editor in 0.00 ms.
Unloading 2966 Unused Serialized files (Serialized files now loaded: 0)
System memory in use before: 211.6 MB.
System memory in use after: 211.7 MB.

Unloading 23 unused Assets to reduce memory usage. Loaded Objects now: 3546.
Total: 2.548239 ms (FindLiveObjects: 0.410949 ms CreateObjectMapping: 0.153261 ms MarkObjects: 1.879733 ms  DeleteObjects: 0.101077 ms)

========================================================================
Received Import Request.
  Time since last request: 531.426904 seconds.
  path: Assets/Scripts/ScriptableObjects/Items/ItemScripts/Blunt_Weapon_Item.cs
  artifactKey: Guid(d9557c55797194083b28209daa1a9231) Importer(815301076,1909f56bfc062723c751e8b465ee728b)
Start importing Assets/Scripts/ScriptableObjects/Items/ItemScripts/Blunt_Weapon_Item.cs using Guid(d9557c55797194083b28209daa1a9231) Importer(815301076,1909f56bfc062723c751e8b465ee728b)  -> (artifact id: 'bff2c72563e1a7cd4ed07805ea772e37') in 0.011496 seconds
  Import took 0.016436 seconds .

